#
# There is insufficient memory for the Java Runtime Environment to continue.
# Native memory allocation (malloc) failed to allocate 32744 bytes for Chunk::new
# Possible reasons:
#   The system is out of physical RAM or swap space
#   The process is running with CompressedOops enabled, and the Java Heap may be blocking the growth of the native heap
# Possible solutions:
#   Reduce memory load on the system
#   Increase physical memory or swap space
#   Check if swap backing store is full
#   Decrease Java heap size (-Xmx/-Xms)
#   Decrease number of Java threads
#   Decrease Java thread stack sizes (-Xss)
#   Set larger code cache with -XX:ReservedCodeCacheSize=
#   JVM is running with Unscaled Compressed Oops mode in which the Java heap is
#     placed in the first 4GB address space. The Java Heap base address is the
#     maximum limit for the native heap growth. Please use -XX:HeapBaseMinAddress
#     to set the Java Heap base and to place the Java Heap above 4GB virtual address.
# This output file may be truncated or incomplete.
#
#  Out of Memory Error (arena.cpp:168), pid=240, tid=10832
#
# JRE version: Java(TM) SE Runtime Environment (21.0.1+12) (build 21.0.1+12-LTS-29)
# Java VM: Java HotSpot(TM) 64-Bit Server VM (21.0.1+12-LTS-29, mixed mode, tiered, compressed oops, compressed class ptrs, g1 gc, windows-amd64)
# No core dump will be written. Minidumps are not enabled by default on client versions of Windows
#

---------------  S U M M A R Y ------------

Command Line: -Dfile.encoding=UTF-8 --module-path=C:\Users\user\OneDrive\Documents\NetBeansProjects\Employee Management System\build\classes employee.management.system.Login

Host: Intel(R) Core(TM) i5-5300U CPU @ 2.30GHz, 4 cores, 7G,  Windows 10 , 64 bit Build 19041 (10.0.19041.5072)
Time: Mon Nov 11 20:23:41 2024 India Standard Time elapsed time: 0.557232 seconds (0d 0h 0m 0s)

---------------  T H R E A D  ---------------

Current thread (0x000001628416db60):  JavaThread "C2 CompilerThread0" daemon [_thread_in_native, id=10832, stack(0x0000004e6bf00000,0x0000004e6c000000) (1024K)]


Current CompileTask:
C2:    557  149       4       java.lang.String::hashCode (60 bytes)

Stack: [0x0000004e6bf00000,0x0000004e6c000000]
Native frames: (J=compiled Java code, j=interpreted, Vv=VM code, C=native code)
V  [jvm.dll+0x6c9029]
V  [jvm.dll+0x854b81]
V  [jvm.dll+0x856e5e]
V  [jvm.dll+0x857543]
V  [jvm.dll+0x280c06]
V  [jvm.dll+0xc3ead]
V  [jvm.dll+0xc43c3]
V  [jvm.dll+0x24a6d8]
V  [jvm.dll+0x24875f]
V  [jvm.dll+0x1c9ca1]
V  [jvm.dll+0x2586b9]
V  [jvm.dll+0x256c9a]
V  [jvm.dll+0x3ef1b6]
V  [jvm.dll+0x7fd728]
V  [jvm.dll+0x6c777d]
C  [ucrtbase.dll+0x21bb2]
C  [KERNEL32.DLL+0x17374]
C  [ntdll.dll+0x4cc91]


---------------  P R O C E S S  ---------------

Threads class SMR info:
_java_thread_list=0x0000016284342e10, length=11, elements={
0x00000162d6f894d0, 0x000001628416b260, 0x0000016284155fa0, 0x0000016284160df0,
0x0000016284161850, 0x000001628416c370, 0x000001628416cdd0, 0x000001628416db60,
0x00000162841dde80, 0x00000162842d7770, 0x000001628438b9c0
}

Java Threads: ( => current thread )
  0x00000162d6f894d0 JavaThread "main"                              [_thread_in_vm, id=13424, stack(0x0000004e6b100000,0x0000004e6b200000) (1024K)]
  0x000001628416b260 JavaThread "Reference Handler"          daemon [_thread_blocked, id=18048, stack(0x0000004e6b900000,0x0000004e6ba00000) (1024K)]
  0x0000016284155fa0 JavaThread "Finalizer"                  daemon [_thread_blocked, id=18536, stack(0x0000004e6ba00000,0x0000004e6bb00000) (1024K)]
  0x0000016284160df0 JavaThread "Signal Dispatcher"          daemon [_thread_blocked, id=10844, stack(0x0000004e6bb00000,0x0000004e6bc00000) (1024K)]
  0x0000016284161850 JavaThread "Attach Listener"            daemon [_thread_blocked, id=15024, stack(0x0000004e6bc00000,0x0000004e6bd00000) (1024K)]
  0x000001628416c370 JavaThread "Service Thread"             daemon [_thread_blocked, id=17720, stack(0x0000004e6bd00000,0x0000004e6be00000) (1024K)]
  0x000001628416cdd0 JavaThread "Monitor Deflation Thread"   daemon [_thread_blocked, id=13632, stack(0x0000004e6be00000,0x0000004e6bf00000) (1024K)]
=>0x000001628416db60 JavaThread "C2 CompilerThread0"         daemon [_thread_in_native, id=10832, stack(0x0000004e6bf00000,0x0000004e6c000000) (1024K)]
  0x00000162841dde80 JavaThread "C1 CompilerThread0"         daemon [_thread_in_native, id=4264, stack(0x0000004e6c000000,0x0000004e6c100000) (1024K)]
  0x00000162842d7770 JavaThread "Common-Cleaner"             daemon [_thread_blocked, id=2756, stack(0x0000004e6c100000,0x0000004e6c200000) (1024K)]
  0x000001628438b9c0 JavaThread "C2 CompilerThread1"         daemon [_thread_in_native, id=20184, stack(0x0000004e6c200000,0x0000004e6c300000) (1024K)]
Total: 11

Other Threads:
  0x00000162f5297fc0 VMThread "VM Thread"                           [id=216, stack(0x0000004e6b800000,0x0000004e6b900000) (1024K)]
  0x00000162f5217630 WatcherThread "VM Periodic Task Thread"        [id=17956, stack(0x0000004e6b700000,0x0000004e6b800000) (1024K)]
  0x00000162d91ec340 WorkerThread "GC Thread#0"                     [id=18176, stack(0x0000004e6b200000,0x0000004e6b300000) (1024K)]
  0x00000162d91fe030 ConcurrentGCThread "G1 Main Marker"            [id=9356, stack(0x0000004e6b300000,0x0000004e6b400000) (1024K)]
  0x00000162d91ff9f0 WorkerThread "G1 Conc#0"                       [id=18688, stack(0x0000004e6b400000,0x0000004e6b500000) (1024K)]
  0x00000162f50d40b0 ConcurrentGCThread "G1 Refine#0"               [id=1908, stack(0x0000004e6b500000,0x0000004e6b600000) (1024K)]
  0x00000162f50d6a40 ConcurrentGCThread "G1 Service"                [id=5368, stack(0x0000004e6b600000,0x0000004e6b700000) (1024K)]
Total: 7

Threads with active compile tasks:
C2 CompilerThread0      587  149       4       java.lang.String::hashCode (60 bytes)
C1 CompilerThread0      588  193       3       java.util.Optional::ofNullable (19 bytes)
C2 CompilerThread1      588  192       4       java.util.HashMap::putVal (300 bytes)
Total: 3

VM state: not at safepoint (normal execution)

VM Mutex/Monitor currently owned by a thread:  ([mutex/lock_event])
[0x00007ff9386f8578] Metaspace_lock - owner thread: 0x00000162d6f894d0

Heap address: 0x0000000081e00000, size: 2018 MB, Compressed Oops mode: 32-bit

CDS archive(s) not mapped
Compressed class space mapped at: 0x0000000100000000-0x0000000140000000, reserved size: 1073741824
Narrow klass base: 0x0000000000000000, Narrow klass shift: 3, Narrow klass range: 0x140000000

GC Precious Log:
 CardTable entry size: 512
 Card Set container configuration: InlinePtr #cards 5 size 8 Array Of Cards #cards 12 size 40 Howl #buckets 4 coarsen threshold 1843 Howl Bitmap #cards 512 size 80 coarsen threshold 460 Card regions per heap region 1 cards per card region 2048
 CPUs: 4 total, 4 available
 Memory: 8067M
 Large Page Support: Disabled
 NUMA Support: Disabled
 Compressed Oops: Enabled (32-bit)
 Heap Region Size: 1M
 Heap Min Capacity: 8M
 Heap Initial Capacity: 128M
 Heap Max Capacity: 2018M
 Pre-touch: Disabled
 Parallel Workers: 4
 Concurrent Workers: 1
 Concurrent Refinement Workers: 4
 Periodic GC: Disabled

Heap:
 garbage-first heap   total 131072K, used 2048K [0x0000000081e00000, 0x0000000100000000)
  region size 1024K, 3 young (3072K), 0 survivors (0K)
 Metaspace       used 6352K, committed 6464K, reserved 1114112K
  class space    used 526K, committed 576K, reserved 1048576K

Heap Regions: E=young(eden), S=young(survivor), O=old, HS=humongous(starts), HC=humongous(continues), CS=collection set, F=free, TAMS=top-at-mark-start, PB=parsable bottom
|   0|0x0000000081e00000, 0x0000000081e00000, 0x0000000081f00000|  0%| F|  |TAMS 0x0000000081e00000| PB 0x0000000081e00000| Untracked 
|   1|0x0000000081f00000, 0x0000000081f00000, 0x0000000082000000|  0%| F|  |TAMS 0x0000000081f00000| PB 0x0000000081f00000| Untracked 
|   2|0x0000000082000000, 0x0000000082000000, 0x0000000082100000|  0%| F|  |TAMS 0x0000000082000000| PB 0x0000000082000000| Untracked 
|   3|0x0000000082100000, 0x0000000082100000, 0x0000000082200000|  0%| F|  |TAMS 0x0000000082100000| PB 0x0000000082100000| Untracked 
|   4|0x0000000082200000, 0x0000000082200000, 0x0000000082300000|  0%| F|  |TAMS 0x0000000082200000| PB 0x0000000082200000| Untracked 
|   5|0x0000000082300000, 0x0000000082300000, 0x0000000082400000|  0%| F|  |TAMS 0x0000000082300000| PB 0x0000000082300000| Untracked 
|   6|0x0000000082400000, 0x0000000082400000, 0x0000000082500000|  0%| F|  |TAMS 0x0000000082400000| PB 0x0000000082400000| Untracked 
|   7|0x0000000082500000, 0x0000000082500000, 0x0000000082600000|  0%| F|  |TAMS 0x0000000082500000| PB 0x0000000082500000| Untracked 
|   8|0x0000000082600000, 0x0000000082600000, 0x0000000082700000|  0%| F|  |TAMS 0x0000000082600000| PB 0x0000000082600000| Untracked 
|   9|0x0000000082700000, 0x0000000082700000, 0x0000000082800000|  0%| F|  |TAMS 0x0000000082700000| PB 0x0000000082700000| Untracked 
|  10|0x0000000082800000, 0x0000000082800000, 0x0000000082900000|  0%| F|  |TAMS 0x0000000082800000| PB 0x0000000082800000| Untracked 
|  11|0x0000000082900000, 0x0000000082900000, 0x0000000082a00000|  0%| F|  |TAMS 0x0000000082900000| PB 0x0000000082900000| Untracked 
|  12|0x0000000082a00000, 0x0000000082a00000, 0x0000000082b00000|  0%| F|  |TAMS 0x0000000082a00000| PB 0x0000000082a00000| Untracked 
|  13|0x0000000082b00000, 0x0000000082b00000, 0x0000000082c00000|  0%| F|  |TAMS 0x0000000082b00000| PB 0x0000000082b00000| Untracked 
|  14|0x0000000082c00000, 0x0000000082c00000, 0x0000000082d00000|  0%| F|  |TAMS 0x0000000082c00000| PB 0x0000000082c00000| Untracked 
|  15|0x0000000082d00000, 0x0000000082d00000, 0x0000000082e00000|  0%| F|  |TAMS 0x0000000082d00000| PB 0x0000000082d00000| Untracked 
|  16|0x0000000082e00000, 0x0000000082e00000, 0x0000000082f00000|  0%| F|  |TAMS 0x0000000082e00000| PB 0x0000000082e00000| Untracked 
|  17|0x0000000082f00000, 0x0000000082f00000, 0x0000000083000000|  0%| F|  |TAMS 0x0000000082f00000| PB 0x0000000082f00000| Untracked 
|  18|0x0000000083000000, 0x0000000083000000, 0x0000000083100000|  0%| F|  |TAMS 0x0000000083000000| PB 0x0000000083000000| Untracked 
|  19|0x0000000083100000, 0x0000000083100000, 0x0000000083200000|  0%| F|  |TAMS 0x0000000083100000| PB 0x0000000083100000| Untracked 
|  20|0x0000000083200000, 0x0000000083200000, 0x0000000083300000|  0%| F|  |TAMS 0x0000000083200000| PB 0x0000000083200000| Untracked 
|  21|0x0000000083300000, 0x0000000083300000, 0x0000000083400000|  0%| F|  |TAMS 0x0000000083300000| PB 0x0000000083300000| Untracked 
|  22|0x0000000083400000, 0x0000000083400000, 0x0000000083500000|  0%| F|  |TAMS 0x0000000083400000| PB 0x0000000083400000| Untracked 
|  23|0x0000000083500000, 0x0000000083500000, 0x0000000083600000|  0%| F|  |TAMS 0x0000000083500000| PB 0x0000000083500000| Untracked 
|  24|0x0000000083600000, 0x0000000083600000, 0x0000000083700000|  0%| F|  |TAMS 0x0000000083600000| PB 0x0000000083600000| Untracked 
|  25|0x0000000083700000, 0x0000000083700000, 0x0000000083800000|  0%| F|  |TAMS 0x0000000083700000| PB 0x0000000083700000| Untracked 
|  26|0x0000000083800000, 0x0000000083800000, 0x0000000083900000|  0%| F|  |TAMS 0x0000000083800000| PB 0x0000000083800000| Untracked 
|  27|0x0000000083900000, 0x0000000083900000, 0x0000000083a00000|  0%| F|  |TAMS 0x0000000083900000| PB 0x0000000083900000| Untracked 
|  28|0x0000000083a00000, 0x0000000083a00000, 0x0000000083b00000|  0%| F|  |TAMS 0x0000000083a00000| PB 0x0000000083a00000| Untracked 
|  29|0x0000000083b00000, 0x0000000083b00000, 0x0000000083c00000|  0%| F|  |TAMS 0x0000000083b00000| PB 0x0000000083b00000| Untracked 
|  30|0x0000000083c00000, 0x0000000083c00000, 0x0000000083d00000|  0%| F|  |TAMS 0x0000000083c00000| PB 0x0000000083c00000| Untracked 
|  31|0x0000000083d00000, 0x0000000083d00000, 0x0000000083e00000|  0%| F|  |TAMS 0x0000000083d00000| PB 0x0000000083d00000| Untracked 
|  32|0x0000000083e00000, 0x0000000083e00000, 0x0000000083f00000|  0%| F|  |TAMS 0x0000000083e00000| PB 0x0000000083e00000| Untracked 
|  33|0x0000000083f00000, 0x0000000083f00000, 0x0000000084000000|  0%| F|  |TAMS 0x0000000083f00000| PB 0x0000000083f00000| Untracked 
|  34|0x0000000084000000, 0x0000000084000000, 0x0000000084100000|  0%| F|  |TAMS 0x0000000084000000| PB 0x0000000084000000| Untracked 
|  35|0x0000000084100000, 0x0000000084100000, 0x0000000084200000|  0%| F|  |TAMS 0x0000000084100000| PB 0x0000000084100000| Untracked 
|  36|0x0000000084200000, 0x0000000084200000, 0x0000000084300000|  0%| F|  |TAMS 0x0000000084200000| PB 0x0000000084200000| Untracked 
|  37|0x0000000084300000, 0x0000000084300000, 0x0000000084400000|  0%| F|  |TAMS 0x0000000084300000| PB 0x0000000084300000| Untracked 
|  38|0x0000000084400000, 0x0000000084400000, 0x0000000084500000|  0%| F|  |TAMS 0x0000000084400000| PB 0x0000000084400000| Untracked 
|  39|0x0000000084500000, 0x0000000084500000, 0x0000000084600000|  0%| F|  |TAMS 0x0000000084500000| PB 0x0000000084500000| Untracked 
|  40|0x0000000084600000, 0x0000000084600000, 0x0000000084700000|  0%| F|  |TAMS 0x0000000084600000| PB 0x0000000084600000| Untracked 
|  41|0x0000000084700000, 0x0000000084700000, 0x0000000084800000|  0%| F|  |TAMS 0x0000000084700000| PB 0x0000000084700000| Untracked 
|  42|0x0000000084800000, 0x0000000084800000, 0x0000000084900000|  0%| F|  |TAMS 0x0000000084800000| PB 0x0000000084800000| Untracked 
|  43|0x0000000084900000, 0x0000000084900000, 0x0000000084a00000|  0%| F|  |TAMS 0x0000000084900000| PB 0x0000000084900000| Untracked 
|  44|0x0000000084a00000, 0x0000000084a00000, 0x0000000084b00000|  0%| F|  |TAMS 0x0000000084a00000| PB 0x0000000084a00000| Untracked 
|  45|0x0000000084b00000, 0x0000000084b00000, 0x0000000084c00000|  0%| F|  |TAMS 0x0000000084b00000| PB 0x0000000084b00000| Untracked 
|  46|0x0000000084c00000, 0x0000000084c00000, 0x0000000084d00000|  0%| F|  |TAMS 0x0000000084c00000| PB 0x0000000084c00000| Untracked 
|  47|0x0000000084d00000, 0x0000000084d00000, 0x0000000084e00000|  0%| F|  |TAMS 0x0000000084d00000| PB 0x0000000084d00000| Untracked 
|  48|0x0000000084e00000, 0x0000000084e00000, 0x0000000084f00000|  0%| F|  |TAMS 0x0000000084e00000| PB 0x0000000084e00000| Untracked 
|  49|0x0000000084f00000, 0x0000000084f00000, 0x0000000085000000|  0%| F|  |TAMS 0x0000000084f00000| PB 0x0000000084f00000| Untracked 
|  50|0x0000000085000000, 0x0000000085000000, 0x0000000085100000|  0%| F|  |TAMS 0x0000000085000000| PB 0x0000000085000000| Untracked 
|  51|0x0000000085100000, 0x0000000085100000, 0x0000000085200000|  0%| F|  |TAMS 0x0000000085100000| PB 0x0000000085100000| Untracked 
|  52|0x0000000085200000, 0x0000000085200000, 0x0000000085300000|  0%| F|  |TAMS 0x0000000085200000| PB 0x0000000085200000| Untracked 
|  53|0x0000000085300000, 0x0000000085300000, 0x0000000085400000|  0%| F|  |TAMS 0x0000000085300000| PB 0x0000000085300000| Untracked 
|  54|0x0000000085400000, 0x0000000085400000, 0x0000000085500000|  0%| F|  |TAMS 0x0000000085400000| PB 0x0000000085400000| Untracked 
|  55|0x0000000085500000, 0x0000000085500000, 0x0000000085600000|  0%| F|  |TAMS 0x0000000085500000| PB 0x0000000085500000| Untracked 
|  56|0x0000000085600000, 0x0000000085600000, 0x0000000085700000|  0%| F|  |TAMS 0x0000000085600000| PB 0x0000000085600000| Untracked 
|  57|0x0000000085700000, 0x0000000085700000, 0x0000000085800000|  0%| F|  |TAMS 0x0000000085700000| PB 0x0000000085700000| Untracked 
|  58|0x0000000085800000, 0x0000000085800000, 0x0000000085900000|  0%| F|  |TAMS 0x0000000085800000| PB 0x0000000085800000| Untracked 
|  59|0x0000000085900000, 0x0000000085900000, 0x0000000085a00000|  0%| F|  |TAMS 0x0000000085900000| PB 0x0000000085900000| Untracked 
|  60|0x0000000085a00000, 0x0000000085a00000, 0x0000000085b00000|  0%| F|  |TAMS 0x0000000085a00000| PB 0x0000000085a00000| Untracked 
|  61|0x0000000085b00000, 0x0000000085b00000, 0x0000000085c00000|  0%| F|  |TAMS 0x0000000085b00000| PB 0x0000000085b00000| Untracked 
|  62|0x0000000085c00000, 0x0000000085c00000, 0x0000000085d00000|  0%| F|  |TAMS 0x0000000085c00000| PB 0x0000000085c00000| Untracked 
|  63|0x0000000085d00000, 0x0000000085d00000, 0x0000000085e00000|  0%| F|  |TAMS 0x0000000085d00000| PB 0x0000000085d00000| Untracked 
|  64|0x0000000085e00000, 0x0000000085e00000, 0x0000000085f00000|  0%| F|  |TAMS 0x0000000085e00000| PB 0x0000000085e00000| Untracked 
|  65|0x0000000085f00000, 0x0000000085f00000, 0x0000000086000000|  0%| F|  |TAMS 0x0000000085f00000| PB 0x0000000085f00000| Untracked 
|  66|0x0000000086000000, 0x0000000086000000, 0x0000000086100000|  0%| F|  |TAMS 0x0000000086000000| PB 0x0000000086000000| Untracked 
|  67|0x0000000086100000, 0x0000000086100000, 0x0000000086200000|  0%| F|  |TAMS 0x0000000086100000| PB 0x0000000086100000| Untracked 
|  68|0x0000000086200000, 0x0000000086200000, 0x0000000086300000|  0%| F|  |TAMS 0x0000000086200000| PB 0x0000000086200000| Untracked 
|  69|0x0000000086300000, 0x0000000086300000, 0x0000000086400000|  0%| F|  |TAMS 0x0000000086300000| PB 0x0000000086300000| Untracked 
|  70|0x0000000086400000, 0x0000000086400000, 0x0000000086500000|  0%| F|  |TAMS 0x0000000086400000| PB 0x0000000086400000| Untracked 
|  71|0x0000000086500000, 0x0000000086500000, 0x0000000086600000|  0%| F|  |TAMS 0x0000000086500000| PB 0x0000000086500000| Untracked 
|  72|0x0000000086600000, 0x0000000086600000, 0x0000000086700000|  0%| F|  |TAMS 0x0000000086600000| PB 0x0000000086600000| Untracked 
|  73|0x0000000086700000, 0x0000000086700000, 0x0000000086800000|  0%| F|  |TAMS 0x0000000086700000| PB 0x0000000086700000| Untracked 
|  74|0x0000000086800000, 0x0000000086800000, 0x0000000086900000|  0%| F|  |TAMS 0x0000000086800000| PB 0x0000000086800000| Untracked 
|  75|0x0000000086900000, 0x0000000086900000, 0x0000000086a00000|  0%| F|  |TAMS 0x0000000086900000| PB 0x0000000086900000| Untracked 
|  76|0x0000000086a00000, 0x0000000086a00000, 0x0000000086b00000|  0%| F|  |TAMS 0x0000000086a00000| PB 0x0000000086a00000| Untracked 
|  77|0x0000000086b00000, 0x0000000086b00000, 0x0000000086c00000|  0%| F|  |TAMS 0x0000000086b00000| PB 0x0000000086b00000| Untracked 
|  78|0x0000000086c00000, 0x0000000086c00000, 0x0000000086d00000|  0%| F|  |TAMS 0x0000000086c00000| PB 0x0000000086c00000| Untracked 
|  79|0x0000000086d00000, 0x0000000086d00000, 0x0000000086e00000|  0%| F|  |TAMS 0x0000000086d00000| PB 0x0000000086d00000| Untracked 
|  80|0x0000000086e00000, 0x0000000086e00000, 0x0000000086f00000|  0%| F|  |TAMS 0x0000000086e00000| PB 0x0000000086e00000| Untracked 
|  81|0x0000000086f00000, 0x0000000086f00000, 0x0000000087000000|  0%| F|  |TAMS 0x0000000086f00000| PB 0x0000000086f00000| Untracked 
|  82|0x0000000087000000, 0x0000000087000000, 0x0000000087100000|  0%| F|  |TAMS 0x0000000087000000| PB 0x0000000087000000| Untracked 
|  83|0x0000000087100000, 0x0000000087100000, 0x0000000087200000|  0%| F|  |TAMS 0x0000000087100000| PB 0x0000000087100000| Untracked 
|  84|0x0000000087200000, 0x0000000087200000, 0x0000000087300000|  0%| F|  |TAMS 0x0000000087200000| PB 0x0000000087200000| Untracked 
|  85|0x0000000087300000, 0x0000000087300000, 0x0000000087400000|  0%| F|  |TAMS 0x0000000087300000| PB 0x0000000087300000| Untracked 
|  86|0x0000000087400000, 0x0000000087400000, 0x0000000087500000|  0%| F|  |TAMS 0x0000000087400000| PB 0x0000000087400000| Untracked 
|  87|0x0000000087500000, 0x0000000087500000, 0x0000000087600000|  0%| F|  |TAMS 0x0000000087500000| PB 0x0000000087500000| Untracked 
|  88|0x0000000087600000, 0x0000000087600000, 0x0000000087700000|  0%| F|  |TAMS 0x0000000087600000| PB 0x0000000087600000| Untracked 
|  89|0x0000000087700000, 0x0000000087700000, 0x0000000087800000|  0%| F|  |TAMS 0x0000000087700000| PB 0x0000000087700000| Untracked 
|  90|0x0000000087800000, 0x0000000087800000, 0x0000000087900000|  0%| F|  |TAMS 0x0000000087800000| PB 0x0000000087800000| Untracked 
|  91|0x0000000087900000, 0x0000000087900000, 0x0000000087a00000|  0%| F|  |TAMS 0x0000000087900000| PB 0x0000000087900000| Untracked 
|  92|0x0000000087a00000, 0x0000000087a00000, 0x0000000087b00000|  0%| F|  |TAMS 0x0000000087a00000| PB 0x0000000087a00000| Untracked 
|  93|0x0000000087b00000, 0x0000000087b00000, 0x0000000087c00000|  0%| F|  |TAMS 0x0000000087b00000| PB 0x0000000087b00000| Untracked 
|  94|0x0000000087c00000, 0x0000000087c00000, 0x0000000087d00000|  0%| F|  |TAMS 0x0000000087c00000| PB 0x0000000087c00000| Untracked 
|  95|0x0000000087d00000, 0x0000000087d00000, 0x0000000087e00000|  0%| F|  |TAMS 0x0000000087d00000| PB 0x0000000087d00000| Untracked 
|  96|0x0000000087e00000, 0x0000000087e00000, 0x0000000087f00000|  0%| F|  |TAMS 0x0000000087e00000| PB 0x0000000087e00000| Untracked 
|  97|0x0000000087f00000, 0x0000000087f00000, 0x0000000088000000|  0%| F|  |TAMS 0x0000000087f00000| PB 0x0000000087f00000| Untracked 
|  98|0x0000000088000000, 0x0000000088000000, 0x0000000088100000|  0%| F|  |TAMS 0x0000000088000000| PB 0x0000000088000000| Untracked 
|  99|0x0000000088100000, 0x0000000088100000, 0x0000000088200000|  0%| F|  |TAMS 0x0000000088100000| PB 0x0000000088100000| Untracked 
| 100|0x0000000088200000, 0x0000000088200000, 0x0000000088300000|  0%| F|  |TAMS 0x0000000088200000| PB 0x0000000088200000| Untracked 
| 101|0x0000000088300000, 0x0000000088300000, 0x0000000088400000|  0%| F|  |TAMS 0x0000000088300000| PB 0x0000000088300000| Untracked 
| 102|0x0000000088400000, 0x0000000088400000, 0x0000000088500000|  0%| F|  |TAMS 0x0000000088400000| PB 0x0000000088400000| Untracked 
| 103|0x0000000088500000, 0x0000000088500000, 0x0000000088600000|  0%| F|  |TAMS 0x0000000088500000| PB 0x0000000088500000| Untracked 
| 104|0x0000000088600000, 0x0000000088600000, 0x0000000088700000|  0%| F|  |TAMS 0x0000000088600000| PB 0x0000000088600000| Untracked 
| 105|0x0000000088700000, 0x0000000088700000, 0x0000000088800000|  0%| F|  |TAMS 0x0000000088700000| PB 0x0000000088700000| Untracked 
| 106|0x0000000088800000, 0x0000000088800000, 0x0000000088900000|  0%| F|  |TAMS 0x0000000088800000| PB 0x0000000088800000| Untracked 
| 107|0x0000000088900000, 0x0000000088900000, 0x0000000088a00000|  0%| F|  |TAMS 0x0000000088900000| PB 0x0000000088900000| Untracked 
| 108|0x0000000088a00000, 0x0000000088a00000, 0x0000000088b00000|  0%| F|  |TAMS 0x0000000088a00000| PB 0x0000000088a00000| Untracked 
| 109|0x0000000088b00000, 0x0000000088b00000, 0x0000000088c00000|  0%| F|  |TAMS 0x0000000088b00000| PB 0x0000000088b00000| Untracked 
| 110|0x0000000088c00000, 0x0000000088c00000, 0x0000000088d00000|  0%| F|  |TAMS 0x0000000088c00000| PB 0x0000000088c00000| Untracked 
| 111|0x0000000088d00000, 0x0000000088d00000, 0x0000000088e00000|  0%| F|  |TAMS 0x0000000088d00000| PB 0x0000000088d00000| Untracked 
| 112|0x0000000088e00000, 0x0000000088e00000, 0x0000000088f00000|  0%| F|  |TAMS 0x0000000088e00000| PB 0x0000000088e00000| Untracked 
| 113|0x0000000088f00000, 0x0000000088f00000, 0x0000000089000000|  0%| F|  |TAMS 0x0000000088f00000| PB 0x0000000088f00000| Untracked 
| 114|0x0000000089000000, 0x0000000089000000, 0x0000000089100000|  0%| F|  |TAMS 0x0000000089000000| PB 0x0000000089000000| Untracked 
| 115|0x0000000089100000, 0x0000000089100000, 0x0000000089200000|  0%| F|  |TAMS 0x0000000089100000| PB 0x0000000089100000| Untracked 
| 116|0x0000000089200000, 0x0000000089200000, 0x0000000089300000|  0%| F|  |TAMS 0x0000000089200000| PB 0x0000000089200000| Untracked 
| 117|0x0000000089300000, 0x0000000089300000, 0x0000000089400000|  0%| F|  |TAMS 0x0000000089300000| PB 0x0000000089300000| Untracked 
| 118|0x0000000089400000, 0x0000000089400000, 0x0000000089500000|  0%| F|  |TAMS 0x0000000089400000| PB 0x0000000089400000| Untracked 
| 119|0x0000000089500000, 0x0000000089500000, 0x0000000089600000|  0%| F|  |TAMS 0x0000000089500000| PB 0x0000000089500000| Untracked 
| 120|0x0000000089600000, 0x0000000089600000, 0x0000000089700000|  0%| F|  |TAMS 0x0000000089600000| PB 0x0000000089600000| Untracked 
| 121|0x0000000089700000, 0x0000000089700000, 0x0000000089800000|  0%| F|  |TAMS 0x0000000089700000| PB 0x0000000089700000| Untracked 
| 122|0x0000000089800000, 0x0000000089800000, 0x0000000089900000|  0%| F|  |TAMS 0x0000000089800000| PB 0x0000000089800000| Untracked 
| 123|0x0000000089900000, 0x0000000089900000, 0x0000000089a00000|  0%| F|  |TAMS 0x0000000089900000| PB 0x0000000089900000| Untracked 
| 124|0x0000000089a00000, 0x0000000089a00000, 0x0000000089b00000|  0%| F|  |TAMS 0x0000000089a00000| PB 0x0000000089a00000| Untracked 
| 125|0x0000000089b00000, 0x0000000089b85c10, 0x0000000089c00000| 52%| E|  |TAMS 0x0000000089b00000| PB 0x0000000089b00000| Complete 
| 126|0x0000000089c00000, 0x0000000089d00000, 0x0000000089d00000|100%| E|CS|TAMS 0x0000000089c00000| PB 0x0000000089c00000| Complete 
| 127|0x0000000089d00000, 0x0000000089e00000, 0x0000000089e00000|100%| E|CS|TAMS 0x0000000089d00000| PB 0x0000000089d00000| Complete 

Card table byte_map: [0x00000162f0a00000,0x00000162f0e00000] _byte_map_base: 0x00000162f05f1000

Marking Bits: (CMBitMap*) 0x00000162d91ed960
 Bits: [0x00000162f0e00000, 0x00000162f2d88000)

Polling page: 0x00000162d70f0000

Metaspace:

Usage:
  Non-class:      5.69 MB used.
      Class:    526.24 KB used.
       Both:      6.20 MB used.

Virtual space:
  Non-class space:       64.00 MB reserved,       5.75 MB (  9%) committed,  1 nodes.
      Class space:        1.00 GB reserved,     576.00 KB ( <1%) committed,  1 nodes.
             Both:        1.06 GB reserved,       6.31 MB ( <1%) committed. 

Chunk freelists:
   Non-Class:  10.25 MB
       Class:  15.25 MB
        Both:  25.50 MB

MaxMetaspaceSize: unlimited
CompressedClassSpaceSize: 1.00 GB
Initial GC threshold: 21.00 MB
Current GC threshold: 21.00 MB
CDS: off
 - commit_granule_bytes: 65536.
 - commit_granule_words: 8192.
 - virtual_space_node_default_size: 8388608.
 - enlarge_chunks_in_place: 1.
 - use_allocation_guard: 0.


Internal statistics:

num_allocs_failed_limit: 0.
num_arena_births: 6.
num_arena_deaths: 0.
num_vsnodes_births: 2.
num_vsnodes_deaths: 0.
num_space_committed: 101.
num_space_uncommitted: 0.
num_chunks_returned_to_freelist: 0.
num_chunks_taken_from_freelist: 18.
num_chunk_merges: 0.
num_chunk_splits: 7.
num_chunks_enlarged: 2.
num_inconsistent_stats: 0.

CodeHeap 'non-profiled nmethods': size=120000Kb used=54Kb max_used=54Kb free=119945Kb
 bounds [0x00000162e90d0000, 0x00000162e9340000, 0x00000162f0600000]
CodeHeap 'profiled nmethods': size=120000Kb used=216Kb max_used=216Kb free=119783Kb
 bounds [0x00000162e1600000, 0x00000162e1870000, 0x00000162e8b30000]
CodeHeap 'non-nmethods': size=5760Kb used=1256Kb max_used=1270Kb free=4503Kb
 bounds [0x00000162e8b30000, 0x00000162e8da0000, 0x00000162e90d0000]
 total_blobs=569 nmethods=190 adapters=284
 compilation: enabled
              stopped_count=0, restarted_count=0
 full_count=0

Compilation events (20 events):
Event: 0.551 Thread 0x00000162841dde80  134       1       java.lang.module.ModuleDescriptor$Requires::modifiers (5 bytes)
Event: 0.551 Thread 0x00000162841dde80 nmethod 134 0x00000162e90d9710 code [0x00000162e90d98a0, 0x00000162e90d9968]
Event: 0.551 Thread 0x00000162841dde80  135       1       java.lang.module.ModuleDescriptor$Requires::name (5 bytes)
Event: 0.551 Thread 0x00000162841dde80 nmethod 135 0x00000162e90d9a10 code [0x00000162e90d9ba0, 0x00000162e90d9c68]
Event: 0.552 Thread 0x00000162841dde80  136       3       java.util.ImmutableCollections$Set12$1::next (95 bytes)
Event: 0.553 Thread 0x00000162841dde80 nmethod 136 0x00000162e1626610 code [0x00000162e16267e0, 0x00000162e1626a78]
Event: 0.553 Thread 0x00000162841dde80  137       3       java.util.HashMap::putVal (300 bytes)
Event: 0.554 Thread 0x00000162841dde80 nmethod 137 0x00000162e1626b90 code [0x00000162e1626e60, 0x00000162e1628030]
Event: 0.554 Thread 0x00000162841dde80  140       3       java.util.HashMap::get (19 bytes)
Event: 0.554 Thread 0x00000162841dde80 nmethod 140 0x00000162e1628510 code [0x00000162e16286c0, 0x00000162e1628888]
Event: 0.554 Thread 0x00000162841dde80  139       3       java.util.HashMap::put (13 bytes)
Event: 0.554 Thread 0x00000162841dde80 nmethod 139 0x00000162e1628990 code [0x00000162e1628b60, 0x00000162e1628e68]
Event: 0.554 Thread 0x00000162841dde80  141       3       java.util.HashSet::add (20 bytes)
Event: 0.554 Thread 0x00000162841dde80 nmethod 141 0x00000162e1628f90 code [0x00000162e1629140, 0x00000162e1629370]
Event: 0.554 Thread 0x00000162841dde80  143       3       java.util.HashMap::afterNodeInsertion (1 bytes)
Event: 0.554 Thread 0x00000162841dde80 nmethod 143 0x00000162e1629490 code [0x00000162e1629620, 0x00000162e1629730]
Event: 0.554 Thread 0x00000162841dde80  138       3       java.lang.module.ModuleDescriptor::hashCode (170 bytes)
Event: 0.555 Thread 0x000001628416db60  149       4       java.lang.String::hashCode (60 bytes)
Event: 0.555 Thread 0x00000162841dde80 nmethod 138 0x00000162e1629790 code [0x00000162e1629a20, 0x00000162e162a570]
Event: 0.555 Thread 0x00000162841dde80  145       3       jdk.internal.module.ModuleReferenceImpl::hashCode (56 bytes)

GC Heap History (0 events):
No events

Dll operation events (4 events):
Event: 0.022 Loaded shared library C:\Program Files\Java\jdk-21\bin\java.dll
Event: 0.308 Loaded shared library C:\Program Files\Java\jdk-21\bin\jsvml.dll
Event: 0.538 Loaded shared library C:\Program Files\Java\jdk-21\bin\net.dll
Event: 0.540 Loaded shared library C:\Program Files\Java\jdk-21\bin\nio.dll

Deoptimization events (0 events):
No events

Classes loaded (20 events):
Event: 0.549 Loading class java/util/HashMap$HashMapSpliterator done
Event: 0.549 Loading class java/util/HashMap$ValueSpliterator done
Event: 0.549 Loading class java/util/HashMap$KeySpliterator
Event: 0.549 Loading class java/util/HashMap$KeySpliterator done
Event: 0.549 Loading class java/util/Collections$UnmodifiableCollection$1
Event: 0.550 Loading class java/util/Collections$UnmodifiableCollection$1 done
Event: 0.550 Loading class java/lang/ModuleLayer
Event: 0.550 Loading class java/lang/ModuleLayer done
Event: 0.551 Loading class java/util/LinkedHashSet
Event: 0.551 Loading class java/util/SequencedSet
Event: 0.551 Loading class java/util/SequencedSet done
Event: 0.551 Loading class java/util/LinkedHashSet done
Event: 0.551 Loading class java/util/LinkedHashMap
Event: 0.552 Loading class java/util/SequencedMap
Event: 0.552 Loading class java/util/SequencedMap done
Event: 0.552 Loading class java/util/LinkedHashMap done
Event: 0.553 Loading class jdk/internal/module/ModuleReferenceImpl$CachedHash
Event: 0.553 Loading class jdk/internal/module/ModuleReferenceImpl$CachedHash done
Event: 0.553 Loading class java/lang/module/ResolvedModule
Event: 0.553 Loading class java/lang/module/ResolvedModule done

Classes unloaded (0 events):
No events

Classes redefined (0 events):
No events

Internal exceptions (3 events):
Event: 0.543 Thread 0x00000162d6f894d0 Exception <a 'sun/nio/fs/WindowsException'{0x0000000089ccc6e0}> (0x0000000089ccc6e0) 
thrown [s\open\src\hotspot\share\prims\jni.cpp, line 520]
Event: 0.547 Thread 0x00000162d6f894d0 Exception <a 'sun/nio/fs/WindowsException'{0x0000000089ccee10}> (0x0000000089ccee10) 
thrown [s\open\src\hotspot\share\prims\jni.cpp, line 520]
Event: 0.549 Thread 0x00000162d6f894d0 Exception <a 'sun/nio/fs/WindowsException'{0x0000000089ccf9a8}> (0x0000000089ccf9a8) 
thrown [s\open\src\hotspot\share\prims\jni.cpp, line 520]

ZGC Phase Switch (0 events):
No events

VM Operations (2 events):
Event: 0.552 Executing VM operation: HandshakeAllThreads (Deoptimize)
Event: 0.552 Executing VM operation: HandshakeAllThreads (Deoptimize) done

Events (10 events):
Event: 0.041 Thread 0x00000162d6f894d0 Thread added: 0x00000162d6f894d0
Event: 0.292 Thread 0x000001628416b260 Thread added: 0x000001628416b260
Event: 0.292 Thread 0x0000016284155fa0 Thread added: 0x0000016284155fa0
Event: 0.305 Thread 0x0000016284160df0 Thread added: 0x0000016284160df0
Event: 0.305 Thread 0x0000016284161850 Thread added: 0x0000016284161850
Event: 0.305 Thread 0x000001628416c370 Thread added: 0x000001628416c370
Event: 0.305 Thread 0x000001628416cdd0 Thread added: 0x000001628416cdd0
Event: 0.305 Thread 0x000001628416db60 Thread added: 0x000001628416db60
Event: 0.319 Thread 0x00000162841dde80 Thread added: 0x00000162841dde80
Event: 0.496 Thread 0x00000162842d7770 Thread added: 0x00000162842d7770


Dynamic libraries:
0x00007ff758480000 - 0x00007ff758490000 	C:\Program Files\Java\jdk-21\bin\java.exe
0x00007ff9e2070000 - 0x00007ff9e2268000 	C:\Windows\SYSTEM32\ntdll.dll
0x00007ff9e1300000 - 0x00007ff9e13c2000 	C:\Windows\System32\KERNEL32.DLL
0x00007ff9dfa20000 - 0x00007ff9dfd1e000 	C:\Windows\System32\KERNELBASE.dll
0x00007ff9df920000 - 0x00007ff9dfa20000 	C:\Windows\System32\ucrtbase.dll
0x00007ff9da760000 - 0x00007ff9da77b000 	C:\Program Files\Java\jdk-21\bin\VCRUNTIME140.dll
0x00007ff9d4d50000 - 0x00007ff9d4d69000 	C:\Program Files\Java\jdk-21\bin\jli.dll
0x00007ff9e14b0000 - 0x00007ff9e1561000 	C:\Windows\System32\ADVAPI32.dll
0x00007ff9e0770000 - 0x00007ff9e080e000 	C:\Windows\System32\msvcrt.dll
0x00007ff9e08e0000 - 0x00007ff9e097f000 	C:\Windows\System32\sechost.dll
0x00007ff9e1a90000 - 0x00007ff9e1bb3000 	C:\Windows\System32\RPCRT4.dll
0x00007ff9df710000 - 0x00007ff9df737000 	C:\Windows\System32\bcrypt.dll
0x00007ff9e00a0000 - 0x00007ff9e023d000 	C:\Windows\System32\USER32.dll
0x00007ff9df840000 - 0x00007ff9df862000 	C:\Windows\System32\win32u.dll
0x00007ff9e1e50000 - 0x00007ff9e1e7b000 	C:\Windows\System32\GDI32.dll
0x00007ff9dfdc0000 - 0x00007ff9dfed7000 	C:\Windows\System32\gdi32full.dll
0x00007ff9dfd20000 - 0x00007ff9dfdbd000 	C:\Windows\System32\msvcp_win.dll
0x00007ff9cf050000 - 0x00007ff9cf2ea000 	C:\Windows\WinSxS\amd64_microsoft.windows.common-controls_6595b64144ccf1df_6.0.19041.4355_none_60b8b9eb71f62e16\COMCTL32.dll
0x00007ff9d1310000 - 0x00007ff9d131a000 	C:\Windows\SYSTEM32\VERSION.dll
0x00007ff9e1e10000 - 0x00007ff9e1e3f000 	C:\Windows\System32\IMM32.DLL
0x00007ff9db3f0000 - 0x00007ff9db3fc000 	C:\Program Files\Java\jdk-21\bin\vcruntime140_1.dll
0x00007ff9a0540000 - 0x00007ff9a05ce000 	C:\Program Files\Java\jdk-21\bin\msvcp140.dll
0x00007ff937ac0000 - 0x00007ff9387d5000 	C:\Program Files\Java\jdk-21\bin\server\jvm.dll
0x00007ff9e13e0000 - 0x00007ff9e144b000 	C:\Windows\System32\WS2_32.dll
0x00007ff9df190000 - 0x00007ff9df1db000 	C:\Windows\SYSTEM32\POWRPROF.dll
0x00007ff9cf430000 - 0x00007ff9cf457000 	C:\Windows\SYSTEM32\WINMM.dll
0x00007ff9df140000 - 0x00007ff9df152000 	C:\Windows\SYSTEM32\UMPDC.dll
0x00007ff9dd770000 - 0x00007ff9dd782000 	C:\Windows\SYSTEM32\kernel.appcore.dll
0x00007ff9da7f0000 - 0x00007ff9da7fa000 	C:\Program Files\Java\jdk-21\bin\jimage.dll
0x00007ff9c9fc0000 - 0x00007ff9ca1a4000 	C:\Windows\SYSTEM32\DBGHELP.DLL
0x00007ff9c9100000 - 0x00007ff9c9134000 	C:\Windows\SYSTEM32\dbgcore.DLL
0x00007ff9df7b0000 - 0x00007ff9df832000 	C:\Windows\System32\bcryptPrimitives.dll
0x00007ff9d7eb0000 - 0x00007ff9d7ecf000 	C:\Program Files\Java\jdk-21\bin\java.dll
0x00007ff9e0b90000 - 0x00007ff9e12fd000 	C:\Windows\System32\SHELL32.dll
0x00007ff9dd790000 - 0x00007ff9ddf34000 	C:\Windows\SYSTEM32\windows.storage.dll
0x00007ff9e1570000 - 0x00007ff9e18c3000 	C:\Windows\System32\combase.dll
0x00007ff9df0d0000 - 0x00007ff9df0fe000 	C:\Windows\SYSTEM32\Wldp.dll
0x00007ff9e1d40000 - 0x00007ff9e1e0d000 	C:\Windows\System32\OLEAUT32.dll
0x00007ff9e0830000 - 0x00007ff9e08dd000 	C:\Windows\System32\SHCORE.dll
0x00007ff9e0240000 - 0x00007ff9e0295000 	C:\Windows\System32\shlwapi.dll
0x00007ff9df640000 - 0x00007ff9df664000 	C:\Windows\SYSTEM32\profapi.dll
0x00007ff9a1c50000 - 0x00007ff9a1d27000 	C:\Program Files\Java\jdk-21\bin\jsvml.dll
0x00007ff9da530000 - 0x00007ff9da540000 	C:\Program Files\Java\jdk-21\bin\net.dll
0x00007ff9d6cc0000 - 0x00007ff9d6dcd000 	C:\Windows\SYSTEM32\WINHTTP.dll
0x00007ff9dedd0000 - 0x00007ff9dee3a000 	C:\Windows\system32\mswsock.dll
0x00007ff9d5630000 - 0x00007ff9d5646000 	C:\Program Files\Java\jdk-21\bin\nio.dll

dbghelp: loaded successfully - version: 4.0.5 - missing functions: none
symbol engine: initialized successfully - sym options: 0x614 - pdb path: .;C:\Program Files\Java\jdk-21\bin;C:\Windows\SYSTEM32;C:\Windows\WinSxS\amd64_microsoft.windows.common-controls_6595b64144ccf1df_6.0.19041.4355_none_60b8b9eb71f62e16;C:\Program Files\Java\jdk-21\bin\server

VM Arguments:
jvm_args: -Dfile.encoding=UTF-8 --module-path=C:\Users\user\OneDrive\Documents\NetBeansProjects\Employee Management System\build\classes 
java_command: employee.management.system.Login
java_class_path (initial): C:\Users\user\OneDrive\Documents\NetBeansProjects\Employee Management System\build\classes
Launcher Type: SUN_STANDARD

[Global flags]
     intx CICompilerCount                          = 3                                         {product} {ergonomic}
     uint ConcGCThreads                            = 1                                         {product} {ergonomic}
     uint G1ConcRefinementThreads                  = 4                                         {product} {ergonomic}
   size_t G1HeapRegionSize                         = 1048576                                   {product} {ergonomic}
    uintx GCDrainStackTargetSize                   = 64                                        {product} {ergonomic}
   size_t InitialHeapSize                          = 134217728                                 {product} {ergonomic}
   size_t MarkStackSize                            = 4194304                                   {product} {ergonomic}
   size_t MaxHeapSize                              = 2116026368                                {product} {ergonomic}
   size_t MaxNewSize                               = 1268776960                                {product} {ergonomic}
   size_t MinHeapDeltaBytes                        = 1048576                                   {product} {ergonomic}
   size_t MinHeapSize                              = 8388608                                   {product} {ergonomic}
    uintx NonNMethodCodeHeapSize                   = 5832780                                {pd product} {ergonomic}
    uintx NonProfiledCodeHeapSize                  = 122912730                              {pd product} {ergonomic}
    uintx ProfiledCodeHeapSize                     = 122912730                              {pd product} {ergonomic}
    uintx ReservedCodeCacheSize                    = 251658240                              {pd product} {ergonomic}
     bool SegmentedCodeCache                       = true                                      {product} {ergonomic}
   size_t SoftMaxHeapSize                          = 2116026368                             {manageable} {ergonomic}
     bool UseCompressedOops                        = true                           {product lp64_product} {ergonomic}
     bool UseG1GC                                  = true                                      {product} {ergonomic}
     bool UseLargePagesIndividualAllocation        = false                                  {pd product} {ergonomic}

Logging:
Log output configuration:
 #0: stdout all=warning uptime,level,tags foldmultilines=false
 #1: stderr all=off uptime,level,tags foldmultilines=false

Environment Variables:
PATH=C:\Program Files\Common Files\Oracle\Java\javapath;C:\Windows\system32;C:\Windows;C:\Windows\System32\Wbem;C:\Windows\System32\WindowsPowerShell\v1.0\;C:\Windows\System32\OpenSSH\;C:\Program Files\Java\jdk-21\bin;C:\Program Files\nodejs\;C:\Users\user\AppData\Local\Programs\Python\Python312\Scripts\;C:\Users\user\AppData\Local\Programs\Python\Python312\;C:\Program Files\Java\jdk-21\bin;C:\Users\user\AppData\Local\Programs\Microsoft VS Code\bin;C:\Users\user\AppData\Roaming\npm
USERNAME=user
OS=Windows_NT
PROCESSOR_IDENTIFIER=Intel64 Family 6 Model 61 Stepping 4, GenuineIntel
TMP=C:\Users\user\AppData\Local\Temp
TEMP=C:\Users\user\AppData\Local\Temp




Periodic native trim disabled

---------------  S Y S T E M  ---------------

OS:
 Windows 10 , 64 bit Build 19041 (10.0.19041.5072)
OS uptime: 2 days 1:06 hours

CPU: total 4 (initial active 4) (2 cores per cpu, 2 threads per core) family 6 model 61 stepping 4 microcode 0x2d, cx8, cmov, fxsr, ht, mmx, 3dnowpref, sse, sse2, sse3, ssse3, sse4.1, sse4.2, popcnt, lzcnt, tsc, tscinvbit, avx, avx2, aes, erms, clmul, bmi1, bmi2, rtm, adx, fma, vzeroupper, clflush, rdtscp, f16c
Processor Information for all 4 processors :
  Max Mhz: 2301, Current Mhz: 2301, Mhz Limit: 2301

Memory: 4k page, system-wide physical 8067M (1282M free)
TotalPageFile size 14538M (AvailPageFile size 0M)
current process WorkingSet (physical memory assigned to process): 32M, peak: 32M
current process commit charge ("private bytes"): 196M, peak: 196M

vm_info: Java HotSpot(TM) 64-Bit Server VM (21.0.1+12-LTS-29) for windows-amd64 JRE (21.0.1+12-LTS-29), built on 2023-10-05T13:27:09Z by "mach5one" with MS VC++ 17.1 (VS2022)

END.
