#
# There is insufficient memory for the Java Runtime Environment to continue.
# Native memory allocation (mmap) failed to map 65536 bytes for Failed to commit metaspace.
# Possible reasons:
#   The system is out of physical RAM or swap space
#   The process is running with CompressedOops enabled, and the Java Heap may be blocking the growth of the native heap
# Possible solutions:
#   Reduce memory load on the system
#   Increase physical memory or swap space
#   Check if swap backing store is full
#   Decrease Java heap size (-Xmx/-Xms)
#   Decrease number of Java threads
#   Decrease Java thread stack sizes (-Xss)
#   Set larger code cache with -XX:ReservedCodeCacheSize=
#   JVM is running with Unscaled Compressed Oops mode in which the Java heap is
#     placed in the first 4GB address space. The Java Heap base address is the
#     maximum limit for the native heap growth. Please use -XX:HeapBaseMinAddress
#     to set the Java Heap base and to place the Java Heap above 4GB virtual address.
# This output file may be truncated or incomplete.
#
#  Out of Memory Error (virtualSpaceNode.cpp:112), pid=7188, tid=12352
#
# JRE version: Java(TM) SE Runtime Environment (21.0.1+12) (build 21.0.1+12-LTS-29)
# Java VM: Java HotSpot(TM) 64-Bit Server VM (21.0.1+12-LTS-29, mixed mode, sharing, tiered, compressed oops, compressed class ptrs, g1 gc, windows-amd64)
# No core dump will be written. Minidumps are not enabled by default on client versions of Windows
#

---------------  S U M M A R Y ------------

Command Line: -Dfile.encoding=UTF-8 --module-path=C:\Users\user\OneDrive\Documents\NetBeansProjects\Employee Management System\build\classes employee.management.system.Login

Host: Intel(R) Core(TM) i5-5300U CPU @ 2.30GHz, 4 cores, 7G,  Windows 10 , 64 bit Build 19041 (10.0.19041.5072)
Time: Mon Nov 11 16:38:33 2024 India Standard Time elapsed time: 0.974967 seconds (0d 0h 0m 0s)

---------------  T H R E A D  ---------------

Current thread (0x000001c2e58f94d0):  JavaThread "main"             [_thread_in_vm, id=12352, stack(0x000000b052500000,0x000000b052600000) (1024K)]

Stack: [0x000000b052500000,0x000000b052600000]
Native frames: (J=compiled Java code, j=interpreted, Vv=VM code, C=native code)
V  [jvm.dll+0x6c9029]
V  [jvm.dll+0x854b81]
V  [jvm.dll+0x856e5e]
V  [jvm.dll+0x857543]
V  [jvm.dll+0x280c06]
V  [jvm.dll+0x8508ae]
V  [jvm.dll+0x66ca45]
V  [jvm.dll+0x66caaa]
V  [jvm.dll+0x66f2a6]
V  [jvm.dll+0x66f172]
V  [jvm.dll+0x66d41e]
V  [jvm.dll+0x26b2df]
V  [jvm.dll+0x677615]
V  [jvm.dll+0x217a53]
V  [jvm.dll+0x217f95]
V  [jvm.dll+0x2189b1]
V  [jvm.dll+0x20dc4e]
V  [jvm.dll+0x5ac6dc]
V  [jvm.dll+0x21f67a]
V  [jvm.dll+0x7ccde1]
V  [jvm.dll+0x7cde45]
V  [jvm.dll+0x7ce3ef]
V  [jvm.dll+0x7ce098]
V  [jvm.dll+0x26ebdb]
V  [jvm.dll+0x3d36fe]
C  0x000001c2f73ea7ff

The last pc belongs to new (printed below).
Java frames: (J=compiled Java code, j=interpreted, Vv=VM code)
j  javax.swing.JButton.<init>(Ljava/lang/String;Ljavax/swing/Icon;)V+5 java.desktop@21.0.1
j  javax.swing.JButton.<init>(Ljava/lang/String;)V+3 java.desktop@21.0.1
j  employee.management.system.Login.<init>()V+140
j  employee.management.system.Login.main([Ljava/lang/String;)V+4
v  ~StubRoutines::call_stub 0x000001c2f73d100d
new  187 new  [0x000001c2f73ea680, 0x000001c2f73ea888]  520 bytes
[MachCode]
  0x000001c2f73ea680: 4883 ec08 | c5fa 1104 | 24eb 1f48 | 83ec 10c5 | fb11 0424 | eb14 4883 | ec10 4889 | 0424 48c7 
  0x000001c2f73ea6a0: 4424 0800 | 0000 00eb | 0150 410f | b755 010f | cac1 ea10 | 488b 4de8 | 488b 4908 | 488b 4908 
  0x000001c2f73ea6c0: 488b 4108 | 807c 1004 | 070f 85d3 | 0000 0066 | 8b54 d148 | 488b 4928 | 488b 4cd1 | 0851 80b9 
  0x000001c2f73ea6e0: 2001 0000 | 050f 85b6 | 0000 008b | 5108 f6c2 | 010f 85aa | 0000 0049 | 8b87 b801 | 0000 488d 
  0x000001c2f73ea700: 1c10 493b | 9fc8 0100 | 000f 8792 | 0000 0049 | 899f b801 | 0000 4883 | ea10 0f84 | 0f00 0000 
  0x000001c2f73ea720: 33c9 c1ea | 0348 894c | d008 48ff | ca75 f648 | c700 0100 | 0000 5933 | f689 700c | 49ba 0000 
  0x000001c2f73ea740: 0084 c201 | 0000 492b | ca89 4808 | 49ba ca25 | 6e38 f97f | 0000 4180 | 3a00 0f84 | 3c00 0000 
  0x000001c2f73ea760: 5048 8bc8 | 4883 ec20 | 40f6 c40f | 0f84 1900 | 0000 4883 | ec08 48b8 | 70eb 1e38 | f97f 0000 
  0x000001c2f73ea780: ffd0 4883 | c408 e90c | 0000 0048 | b870 eb1e | 38f9 7f00 | 00ff d048 | 83c4 2058 | e9cb 0000 
  0x000001c2f73ea7a0: 0059 488b | 55e8 488b | 5208 488b | 5208 450f | b745 0141 | 0fc8 41c1 | e810 e805 | 0000 00e9 
  0x000001c2f73ea7c0: a800 0000 | 488d 4424 | 084c 896d | c049 8bcf | c5f8 7749 | 89af a803 | 0000 4989 | 8798 0300 
  0x000001c2f73ea7e0: 0048 83ec | 2040 f6c4 | 0f0f 8419 | 0000 0048 | 83ec 0848 | b8b0 36e9 | 37f9 7f00 | 00ff d048 
  0x000001c2f73ea800: 83c4 08e9 | 0c00 0000 | 48b8 b036 | e937 f97f | 0000 ffd0 | 4883 c420 | 49c7 8798 | 0300 0000 
  0x000001c2f73ea820: 0000 0049 | c787 a803 | 0000 0000 | 0000 49c7 | 87a0 0300 | 0000 0000 | 00c5 f877 | 4983 7f08 
  0x000001c2f73ea840: 000f 8405 | 0000 00e9 | b466 feff | 498b 87f0 | 0300 0049 | c787 f003 | 0000 0000 | 0000 4c8b 
  0x000001c2f73ea860: 6dc0 4c8b | 75c8 4e8d | 74f5 00c3 | 410f b65d | 0349 83c5 | 0349 ba80 | df70 38f9 | 7f00 0041 
  0x000001c2f73ea880: ff24 da0f | 1f44 0000 
[/MachCode]

---------------  P R O C E S S  ---------------

Threads class SMR info:
_java_thread_list=0x000001c2c93dfd30, length=14, elements={
0x000001c2e58f94d0, 0x000001c2ffb5b550, 0x000001c2ffb5c270, 0x000001c2ffb600e0,
0x000001c2ffb60f50, 0x000001c2ffb6b9d0, 0x000001c2ffb8ec00, 0x000001c2ffb906d0,
0x000001c2ffb94da0, 0x000001c2c918f650, 0x000001c2c92a3f30, 0x000001c2c93e8dc0,
0x000001c2c93e9650, 0x000001c2c93f3920
}

Java Threads: ( => current thread )
=>0x000001c2e58f94d0 JavaThread "main"                              [_thread_in_vm, id=12352, stack(0x000000b052500000,0x000000b052600000) (1024K)]
  0x000001c2ffb5b550 JavaThread "Reference Handler"          daemon [_thread_blocked, id=14652, stack(0x000000b052d00000,0x000000b052e00000) (1024K)]
  0x000001c2ffb5c270 JavaThread "Finalizer"                  daemon [_thread_blocked, id=16032, stack(0x000000b052e00000,0x000000b052f00000) (1024K)]
  0x000001c2ffb600e0 JavaThread "Signal Dispatcher"          daemon [_thread_blocked, id=3104, stack(0x000000b052f00000,0x000000b053000000) (1024K)]
  0x000001c2ffb60f50 JavaThread "Attach Listener"            daemon [_thread_blocked, id=3424, stack(0x000000b053000000,0x000000b053100000) (1024K)]
  0x000001c2ffb6b9d0 JavaThread "Service Thread"             daemon [_thread_blocked, id=10644, stack(0x000000b053100000,0x000000b053200000) (1024K)]
  0x000001c2ffb8ec00 JavaThread "Monitor Deflation Thread"   daemon [_thread_blocked, id=6448, stack(0x000000b053200000,0x000000b053300000) (1024K)]
  0x000001c2ffb906d0 JavaThread "C2 CompilerThread0"         daemon [_thread_blocked, id=10172, stack(0x000000b053300000,0x000000b053400000) (1024K)]
  0x000001c2ffb94da0 JavaThread "C1 CompilerThread0"         daemon [_thread_blocked, id=10968, stack(0x000000b053400000,0x000000b053500000) (1024K)]
  0x000001c2c918f650 JavaThread "Common-Cleaner"             daemon [_thread_blocked, id=15104, stack(0x000000b053500000,0x000000b053600000) (1024K)]
  0x000001c2c92a3f30 JavaThread "Notification Thread"        daemon [_thread_blocked, id=120, stack(0x000000b053600000,0x000000b053700000) (1024K)]
  0x000001c2c93e8dc0 JavaThread "Java2D Disposer"            daemon [_thread_blocked, id=12936, stack(0x000000b053700000,0x000000b053800000) (1024K)]
  0x000001c2c93e9650 JavaThread "AWT-Shutdown"                      [_thread_blocked, id=1672, stack(0x000000b053800000,0x000000b053900000) (1024K)]
  0x000001c2c93f3920 JavaThread "AWT-Windows"                daemon [_thread_in_native, id=4944, stack(0x000000b053900000,0x000000b053a00000) (1024K)]
Total: 14

Other Threads:
  0x000001c2ffb39980 VMThread "VM Thread"                           [id=14728, stack(0x000000b052c00000,0x000000b052d00000) (1024K)]
  0x000001c2ffb24760 WatcherThread "VM Periodic Task Thread"        [id=8416, stack(0x000000b052b00000,0x000000b052c00000) (1024K)]
  0x000001c2e7a8c340 WorkerThread "GC Thread#0"                     [id=236, stack(0x000000b052600000,0x000000b052700000) (1024K)]
  0x000001c2e7a9e030 ConcurrentGCThread "G1 Main Marker"            [id=11048, stack(0x000000b052700000,0x000000b052800000) (1024K)]
  0x000001c2e7a9f9f0 WorkerThread "G1 Conc#0"                       [id=17144, stack(0x000000b052800000,0x000000b052900000) (1024K)]
  0x000001c2ff9e60d0 ConcurrentGCThread "G1 Refine#0"               [id=10500, stack(0x000000b052900000,0x000000b052a00000) (1024K)]
  0x000001c2ff9e8900 ConcurrentGCThread "G1 Service"                [id=5504, stack(0x000000b052a00000,0x000000b052b00000) (1024K)]
Total: 7

Threads with active compile tasks:
Total: 0

VM state: not at safepoint (normal execution)

VM Mutex/Monitor currently owned by a thread:  ([mutex/lock_event])
[0x00007ff9386f8578] Metaspace_lock - owner thread: 0x000001c2e58f94d0

Heap address: 0x0000000081e00000, size: 2018 MB, Compressed Oops mode: 32-bit

CDS archive(s) mapped at: [0x000001c284000000-0x000001c284c90000-0x000001c284c90000), size 13172736, SharedBaseAddress: 0x000001c284000000, ArchiveRelocationMode: 1.
Compressed class space mapped at: 0x000001c285000000-0x000001c2c5000000, reserved size: 1073741824
Narrow klass base: 0x000001c284000000, Narrow klass shift: 0, Narrow klass range: 0x100000000

GC Precious Log:
 CardTable entry size: 512
 Card Set container configuration: InlinePtr #cards 5 size 8 Array Of Cards #cards 12 size 40 Howl #buckets 4 coarsen threshold 1843 Howl Bitmap #cards 512 size 80 coarsen threshold 460 Card regions per heap region 1 cards per card region 2048
 CPUs: 4 total, 4 available
 Memory: 8067M
 Large Page Support: Disabled
 NUMA Support: Disabled
 Compressed Oops: Enabled (32-bit)
 Heap Region Size: 1M
 Heap Min Capacity: 8M
 Heap Initial Capacity: 128M
 Heap Max Capacity: 2018M
 Pre-touch: Disabled
 Parallel Workers: 4
 Concurrent Workers: 1
 Concurrent Refinement Workers: 4
 Periodic GC: Disabled

Heap:
 garbage-first heap   total 131072K, used 5120K [0x0000000081e00000, 0x0000000100000000)
  region size 1024K, 6 young (6144K), 0 survivors (0K)
 Metaspace       used 5345K, committed 5440K, reserved 1114112K
  class space    used 601K, committed 640K, reserved 1048576K

Heap Regions: E=young(eden), S=young(survivor), O=old, HS=humongous(starts), HC=humongous(continues), CS=collection set, F=free, TAMS=top-at-mark-start, PB=parsable bottom
|   0|0x0000000081e00000, 0x0000000081e00000, 0x0000000081f00000|  0%| F|  |TAMS 0x0000000081e00000| PB 0x0000000081e00000| Untracked 
|   1|0x0000000081f00000, 0x0000000081f00000, 0x0000000082000000|  0%| F|  |TAMS 0x0000000081f00000| PB 0x0000000081f00000| Untracked 
|   2|0x0000000082000000, 0x0000000082000000, 0x0000000082100000|  0%| F|  |TAMS 0x0000000082000000| PB 0x0000000082000000| Untracked 
|   3|0x0000000082100000, 0x0000000082100000, 0x0000000082200000|  0%| F|  |TAMS 0x0000000082100000| PB 0x0000000082100000| Untracked 
|   4|0x0000000082200000, 0x0000000082200000, 0x0000000082300000|  0%| F|  |TAMS 0x0000000082200000| PB 0x0000000082200000| Untracked 
|   5|0x0000000082300000, 0x0000000082300000, 0x0000000082400000|  0%| F|  |TAMS 0x0000000082300000| PB 0x0000000082300000| Untracked 
|   6|0x0000000082400000, 0x0000000082400000, 0x0000000082500000|  0%| F|  |TAMS 0x0000000082400000| PB 0x0000000082400000| Untracked 
|   7|0x0000000082500000, 0x0000000082500000, 0x0000000082600000|  0%| F|  |TAMS 0x0000000082500000| PB 0x0000000082500000| Untracked 
|   8|0x0000000082600000, 0x0000000082600000, 0x0000000082700000|  0%| F|  |TAMS 0x0000000082600000| PB 0x0000000082600000| Untracked 
|   9|0x0000000082700000, 0x0000000082700000, 0x0000000082800000|  0%| F|  |TAMS 0x0000000082700000| PB 0x0000000082700000| Untracked 
|  10|0x0000000082800000, 0x0000000082800000, 0x0000000082900000|  0%| F|  |TAMS 0x0000000082800000| PB 0x0000000082800000| Untracked 
|  11|0x0000000082900000, 0x0000000082900000, 0x0000000082a00000|  0%| F|  |TAMS 0x0000000082900000| PB 0x0000000082900000| Untracked 
|  12|0x0000000082a00000, 0x0000000082a00000, 0x0000000082b00000|  0%| F|  |TAMS 0x0000000082a00000| PB 0x0000000082a00000| Untracked 
|  13|0x0000000082b00000, 0x0000000082b00000, 0x0000000082c00000|  0%| F|  |TAMS 0x0000000082b00000| PB 0x0000000082b00000| Untracked 
|  14|0x0000000082c00000, 0x0000000082c00000, 0x0000000082d00000|  0%| F|  |TAMS 0x0000000082c00000| PB 0x0000000082c00000| Untracked 
|  15|0x0000000082d00000, 0x0000000082d00000, 0x0000000082e00000|  0%| F|  |TAMS 0x0000000082d00000| PB 0x0000000082d00000| Untracked 
|  16|0x0000000082e00000, 0x0000000082e00000, 0x0000000082f00000|  0%| F|  |TAMS 0x0000000082e00000| PB 0x0000000082e00000| Untracked 
|  17|0x0000000082f00000, 0x0000000082f00000, 0x0000000083000000|  0%| F|  |TAMS 0x0000000082f00000| PB 0x0000000082f00000| Untracked 
|  18|0x0000000083000000, 0x0000000083000000, 0x0000000083100000|  0%| F|  |TAMS 0x0000000083000000| PB 0x0000000083000000| Untracked 
|  19|0x0000000083100000, 0x0000000083100000, 0x0000000083200000|  0%| F|  |TAMS 0x0000000083100000| PB 0x0000000083100000| Untracked 
|  20|0x0000000083200000, 0x0000000083200000, 0x0000000083300000|  0%| F|  |TAMS 0x0000000083200000| PB 0x0000000083200000| Untracked 
|  21|0x0000000083300000, 0x0000000083300000, 0x0000000083400000|  0%| F|  |TAMS 0x0000000083300000| PB 0x0000000083300000| Untracked 
|  22|0x0000000083400000, 0x0000000083400000, 0x0000000083500000|  0%| F|  |TAMS 0x0000000083400000| PB 0x0000000083400000| Untracked 
|  23|0x0000000083500000, 0x0000000083500000, 0x0000000083600000|  0%| F|  |TAMS 0x0000000083500000| PB 0x0000000083500000| Untracked 
|  24|0x0000000083600000, 0x0000000083600000, 0x0000000083700000|  0%| F|  |TAMS 0x0000000083600000| PB 0x0000000083600000| Untracked 
|  25|0x0000000083700000, 0x0000000083700000, 0x0000000083800000|  0%| F|  |TAMS 0x0000000083700000| PB 0x0000000083700000| Untracked 
|  26|0x0000000083800000, 0x0000000083800000, 0x0000000083900000|  0%| F|  |TAMS 0x0000000083800000| PB 0x0000000083800000| Untracked 
|  27|0x0000000083900000, 0x0000000083900000, 0x0000000083a00000|  0%| F|  |TAMS 0x0000000083900000| PB 0x0000000083900000| Untracked 
|  28|0x0000000083a00000, 0x0000000083a00000, 0x0000000083b00000|  0%| F|  |TAMS 0x0000000083a00000| PB 0x0000000083a00000| Untracked 
|  29|0x0000000083b00000, 0x0000000083b00000, 0x0000000083c00000|  0%| F|  |TAMS 0x0000000083b00000| PB 0x0000000083b00000| Untracked 
|  30|0x0000000083c00000, 0x0000000083c00000, 0x0000000083d00000|  0%| F|  |TAMS 0x0000000083c00000| PB 0x0000000083c00000| Untracked 
|  31|0x0000000083d00000, 0x0000000083d00000, 0x0000000083e00000|  0%| F|  |TAMS 0x0000000083d00000| PB 0x0000000083d00000| Untracked 
|  32|0x0000000083e00000, 0x0000000083e00000, 0x0000000083f00000|  0%| F|  |TAMS 0x0000000083e00000| PB 0x0000000083e00000| Untracked 
|  33|0x0000000083f00000, 0x0000000083f00000, 0x0000000084000000|  0%| F|  |TAMS 0x0000000083f00000| PB 0x0000000083f00000| Untracked 
|  34|0x0000000084000000, 0x0000000084000000, 0x0000000084100000|  0%| F|  |TAMS 0x0000000084000000| PB 0x0000000084000000| Untracked 
|  35|0x0000000084100000, 0x0000000084100000, 0x0000000084200000|  0%| F|  |TAMS 0x0000000084100000| PB 0x0000000084100000| Untracked 
|  36|0x0000000084200000, 0x0000000084200000, 0x0000000084300000|  0%| F|  |TAMS 0x0000000084200000| PB 0x0000000084200000| Untracked 
|  37|0x0000000084300000, 0x0000000084300000, 0x0000000084400000|  0%| F|  |TAMS 0x0000000084300000| PB 0x0000000084300000| Untracked 
|  38|0x0000000084400000, 0x0000000084400000, 0x0000000084500000|  0%| F|  |TAMS 0x0000000084400000| PB 0x0000000084400000| Untracked 
|  39|0x0000000084500000, 0x0000000084500000, 0x0000000084600000|  0%| F|  |TAMS 0x0000000084500000| PB 0x0000000084500000| Untracked 
|  40|0x0000000084600000, 0x0000000084600000, 0x0000000084700000|  0%| F|  |TAMS 0x0000000084600000| PB 0x0000000084600000| Untracked 
|  41|0x0000000084700000, 0x0000000084700000, 0x0000000084800000|  0%| F|  |TAMS 0x0000000084700000| PB 0x0000000084700000| Untracked 
|  42|0x0000000084800000, 0x0000000084800000, 0x0000000084900000|  0%| F|  |TAMS 0x0000000084800000| PB 0x0000000084800000| Untracked 
|  43|0x0000000084900000, 0x0000000084900000, 0x0000000084a00000|  0%| F|  |TAMS 0x0000000084900000| PB 0x0000000084900000| Untracked 
|  44|0x0000000084a00000, 0x0000000084a00000, 0x0000000084b00000|  0%| F|  |TAMS 0x0000000084a00000| PB 0x0000000084a00000| Untracked 
|  45|0x0000000084b00000, 0x0000000084b00000, 0x0000000084c00000|  0%| F|  |TAMS 0x0000000084b00000| PB 0x0000000084b00000| Untracked 
|  46|0x0000000084c00000, 0x0000000084c00000, 0x0000000084d00000|  0%| F|  |TAMS 0x0000000084c00000| PB 0x0000000084c00000| Untracked 
|  47|0x0000000084d00000, 0x0000000084d00000, 0x0000000084e00000|  0%| F|  |TAMS 0x0000000084d00000| PB 0x0000000084d00000| Untracked 
|  48|0x0000000084e00000, 0x0000000084e00000, 0x0000000084f00000|  0%| F|  |TAMS 0x0000000084e00000| PB 0x0000000084e00000| Untracked 
|  49|0x0000000084f00000, 0x0000000084f00000, 0x0000000085000000|  0%| F|  |TAMS 0x0000000084f00000| PB 0x0000000084f00000| Untracked 
|  50|0x0000000085000000, 0x0000000085000000, 0x0000000085100000|  0%| F|  |TAMS 0x0000000085000000| PB 0x0000000085000000| Untracked 
|  51|0x0000000085100000, 0x0000000085100000, 0x0000000085200000|  0%| F|  |TAMS 0x0000000085100000| PB 0x0000000085100000| Untracked 
|  52|0x0000000085200000, 0x0000000085200000, 0x0000000085300000|  0%| F|  |TAMS 0x0000000085200000| PB 0x0000000085200000| Untracked 
|  53|0x0000000085300000, 0x0000000085300000, 0x0000000085400000|  0%| F|  |TAMS 0x0000000085300000| PB 0x0000000085300000| Untracked 
|  54|0x0000000085400000, 0x0000000085400000, 0x0000000085500000|  0%| F|  |TAMS 0x0000000085400000| PB 0x0000000085400000| Untracked 
|  55|0x0000000085500000, 0x0000000085500000, 0x0000000085600000|  0%| F|  |TAMS 0x0000000085500000| PB 0x0000000085500000| Untracked 
|  56|0x0000000085600000, 0x0000000085600000, 0x0000000085700000|  0%| F|  |TAMS 0x0000000085600000| PB 0x0000000085600000| Untracked 
|  57|0x0000000085700000, 0x0000000085700000, 0x0000000085800000|  0%| F|  |TAMS 0x0000000085700000| PB 0x0000000085700000| Untracked 
|  58|0x0000000085800000, 0x0000000085800000, 0x0000000085900000|  0%| F|  |TAMS 0x0000000085800000| PB 0x0000000085800000| Untracked 
|  59|0x0000000085900000, 0x0000000085900000, 0x0000000085a00000|  0%| F|  |TAMS 0x0000000085900000| PB 0x0000000085900000| Untracked 
|  60|0x0000000085a00000, 0x0000000085a00000, 0x0000000085b00000|  0%| F|  |TAMS 0x0000000085a00000| PB 0x0000000085a00000| Untracked 
|  61|0x0000000085b00000, 0x0000000085b00000, 0x0000000085c00000|  0%| F|  |TAMS 0x0000000085b00000| PB 0x0000000085b00000| Untracked 
|  62|0x0000000085c00000, 0x0000000085c00000, 0x0000000085d00000|  0%| F|  |TAMS 0x0000000085c00000| PB 0x0000000085c00000| Untracked 
|  63|0x0000000085d00000, 0x0000000085d00000, 0x0000000085e00000|  0%| F|  |TAMS 0x0000000085d00000| PB 0x0000000085d00000| Untracked 
|  64|0x0000000085e00000, 0x0000000085e00000, 0x0000000085f00000|  0%| F|  |TAMS 0x0000000085e00000| PB 0x0000000085e00000| Untracked 
|  65|0x0000000085f00000, 0x0000000085f00000, 0x0000000086000000|  0%| F|  |TAMS 0x0000000085f00000| PB 0x0000000085f00000| Untracked 
|  66|0x0000000086000000, 0x0000000086000000, 0x0000000086100000|  0%| F|  |TAMS 0x0000000086000000| PB 0x0000000086000000| Untracked 
|  67|0x0000000086100000, 0x0000000086100000, 0x0000000086200000|  0%| F|  |TAMS 0x0000000086100000| PB 0x0000000086100000| Untracked 
|  68|0x0000000086200000, 0x0000000086200000, 0x0000000086300000|  0%| F|  |TAMS 0x0000000086200000| PB 0x0000000086200000| Untracked 
|  69|0x0000000086300000, 0x0000000086300000, 0x0000000086400000|  0%| F|  |TAMS 0x0000000086300000| PB 0x0000000086300000| Untracked 
|  70|0x0000000086400000, 0x0000000086400000, 0x0000000086500000|  0%| F|  |TAMS 0x0000000086400000| PB 0x0000000086400000| Untracked 
|  71|0x0000000086500000, 0x0000000086500000, 0x0000000086600000|  0%| F|  |TAMS 0x0000000086500000| PB 0x0000000086500000| Untracked 
|  72|0x0000000086600000, 0x0000000086600000, 0x0000000086700000|  0%| F|  |TAMS 0x0000000086600000| PB 0x0000000086600000| Untracked 
|  73|0x0000000086700000, 0x0000000086700000, 0x0000000086800000|  0%| F|  |TAMS 0x0000000086700000| PB 0x0000000086700000| Untracked 
|  74|0x0000000086800000, 0x0000000086800000, 0x0000000086900000|  0%| F|  |TAMS 0x0000000086800000| PB 0x0000000086800000| Untracked 
|  75|0x0000000086900000, 0x0000000086900000, 0x0000000086a00000|  0%| F|  |TAMS 0x0000000086900000| PB 0x0000000086900000| Untracked 
|  76|0x0000000086a00000, 0x0000000086a00000, 0x0000000086b00000|  0%| F|  |TAMS 0x0000000086a00000| PB 0x0000000086a00000| Untracked 
|  77|0x0000000086b00000, 0x0000000086b00000, 0x0000000086c00000|  0%| F|  |TAMS 0x0000000086b00000| PB 0x0000000086b00000| Untracked 
|  78|0x0000000086c00000, 0x0000000086c00000, 0x0000000086d00000|  0%| F|  |TAMS 0x0000000086c00000| PB 0x0000000086c00000| Untracked 
|  79|0x0000000086d00000, 0x0000000086d00000, 0x0000000086e00000|  0%| F|  |TAMS 0x0000000086d00000| PB 0x0000000086d00000| Untracked 
|  80|0x0000000086e00000, 0x0000000086e00000, 0x0000000086f00000|  0%| F|  |TAMS 0x0000000086e00000| PB 0x0000000086e00000| Untracked 
|  81|0x0000000086f00000, 0x0000000086f00000, 0x0000000087000000|  0%| F|  |TAMS 0x0000000086f00000| PB 0x0000000086f00000| Untracked 
|  82|0x0000000087000000, 0x0000000087000000, 0x0000000087100000|  0%| F|  |TAMS 0x0000000087000000| PB 0x0000000087000000| Untracked 
|  83|0x0000000087100000, 0x0000000087100000, 0x0000000087200000|  0%| F|  |TAMS 0x0000000087100000| PB 0x0000000087100000| Untracked 
|  84|0x0000000087200000, 0x0000000087200000, 0x0000000087300000|  0%| F|  |TAMS 0x0000000087200000| PB 0x0000000087200000| Untracked 
|  85|0x0000000087300000, 0x0000000087300000, 0x0000000087400000|  0%| F|  |TAMS 0x0000000087300000| PB 0x0000000087300000| Untracked 
|  86|0x0000000087400000, 0x0000000087400000, 0x0000000087500000|  0%| F|  |TAMS 0x0000000087400000| PB 0x0000000087400000| Untracked 
|  87|0x0000000087500000, 0x0000000087500000, 0x0000000087600000|  0%| F|  |TAMS 0x0000000087500000| PB 0x0000000087500000| Untracked 
|  88|0x0000000087600000, 0x0000000087600000, 0x0000000087700000|  0%| F|  |TAMS 0x0000000087600000| PB 0x0000000087600000| Untracked 
|  89|0x0000000087700000, 0x0000000087700000, 0x0000000087800000|  0%| F|  |TAMS 0x0000000087700000| PB 0x0000000087700000| Untracked 
|  90|0x0000000087800000, 0x0000000087800000, 0x0000000087900000|  0%| F|  |TAMS 0x0000000087800000| PB 0x0000000087800000| Untracked 
|  91|0x0000000087900000, 0x0000000087900000, 0x0000000087a00000|  0%| F|  |TAMS 0x0000000087900000| PB 0x0000000087900000| Untracked 
|  92|0x0000000087a00000, 0x0000000087a00000, 0x0000000087b00000|  0%| F|  |TAMS 0x0000000087a00000| PB 0x0000000087a00000| Untracked 
|  93|0x0000000087b00000, 0x0000000087b00000, 0x0000000087c00000|  0%| F|  |TAMS 0x0000000087b00000| PB 0x0000000087b00000| Untracked 
|  94|0x0000000087c00000, 0x0000000087c00000, 0x0000000087d00000|  0%| F|  |TAMS 0x0000000087c00000| PB 0x0000000087c00000| Untracked 
|  95|0x0000000087d00000, 0x0000000087d00000, 0x0000000087e00000|  0%| F|  |TAMS 0x0000000087d00000| PB 0x0000000087d00000| Untracked 
|  96|0x0000000087e00000, 0x0000000087e00000, 0x0000000087f00000|  0%| F|  |TAMS 0x0000000087e00000| PB 0x0000000087e00000| Untracked 
|  97|0x0000000087f00000, 0x0000000087f00000, 0x0000000088000000|  0%| F|  |TAMS 0x0000000087f00000| PB 0x0000000087f00000| Untracked 
|  98|0x0000000088000000, 0x0000000088000000, 0x0000000088100000|  0%| F|  |TAMS 0x0000000088000000| PB 0x0000000088000000| Untracked 
|  99|0x0000000088100000, 0x0000000088100000, 0x0000000088200000|  0%| F|  |TAMS 0x0000000088100000| PB 0x0000000088100000| Untracked 
| 100|0x0000000088200000, 0x0000000088200000, 0x0000000088300000|  0%| F|  |TAMS 0x0000000088200000| PB 0x0000000088200000| Untracked 
| 101|0x0000000088300000, 0x0000000088300000, 0x0000000088400000|  0%| F|  |TAMS 0x0000000088300000| PB 0x0000000088300000| Untracked 
| 102|0x0000000088400000, 0x0000000088400000, 0x0000000088500000|  0%| F|  |TAMS 0x0000000088400000| PB 0x0000000088400000| Untracked 
| 103|0x0000000088500000, 0x0000000088500000, 0x0000000088600000|  0%| F|  |TAMS 0x0000000088500000| PB 0x0000000088500000| Untracked 
| 104|0x0000000088600000, 0x0000000088600000, 0x0000000088700000|  0%| F|  |TAMS 0x0000000088600000| PB 0x0000000088600000| Untracked 
| 105|0x0000000088700000, 0x0000000088700000, 0x0000000088800000|  0%| F|  |TAMS 0x0000000088700000| PB 0x0000000088700000| Untracked 
| 106|0x0000000088800000, 0x0000000088800000, 0x0000000088900000|  0%| F|  |TAMS 0x0000000088800000| PB 0x0000000088800000| Untracked 
| 107|0x0000000088900000, 0x0000000088900000, 0x0000000088a00000|  0%| F|  |TAMS 0x0000000088900000| PB 0x0000000088900000| Untracked 
| 108|0x0000000088a00000, 0x0000000088a00000, 0x0000000088b00000|  0%| F|  |TAMS 0x0000000088a00000| PB 0x0000000088a00000| Untracked 
| 109|0x0000000088b00000, 0x0000000088b00000, 0x0000000088c00000|  0%| F|  |TAMS 0x0000000088b00000| PB 0x0000000088b00000| Untracked 
| 110|0x0000000088c00000, 0x0000000088c00000, 0x0000000088d00000|  0%| F|  |TAMS 0x0000000088c00000| PB 0x0000000088c00000| Untracked 
| 111|0x0000000088d00000, 0x0000000088d00000, 0x0000000088e00000|  0%| F|  |TAMS 0x0000000088d00000| PB 0x0000000088d00000| Untracked 
| 112|0x0000000088e00000, 0x0000000088e00000, 0x0000000088f00000|  0%| F|  |TAMS 0x0000000088e00000| PB 0x0000000088e00000| Untracked 
| 113|0x0000000088f00000, 0x0000000088f00000, 0x0000000089000000|  0%| F|  |TAMS 0x0000000088f00000| PB 0x0000000088f00000| Untracked 
| 114|0x0000000089000000, 0x0000000089000000, 0x0000000089100000|  0%| F|  |TAMS 0x0000000089000000| PB 0x0000000089000000| Untracked 
| 115|0x0000000089100000, 0x0000000089100000, 0x0000000089200000|  0%| F|  |TAMS 0x0000000089100000| PB 0x0000000089100000| Untracked 
| 116|0x0000000089200000, 0x0000000089200000, 0x0000000089300000|  0%| F|  |TAMS 0x0000000089200000| PB 0x0000000089200000| Untracked 
| 117|0x0000000089300000, 0x0000000089300000, 0x0000000089400000|  0%| F|  |TAMS 0x0000000089300000| PB 0x0000000089300000| Untracked 
| 118|0x0000000089400000, 0x0000000089400000, 0x0000000089500000|  0%| F|  |TAMS 0x0000000089400000| PB 0x0000000089400000| Untracked 
| 119|0x0000000089500000, 0x0000000089500000, 0x0000000089600000|  0%| F|  |TAMS 0x0000000089500000| PB 0x0000000089500000| Untracked 
| 120|0x0000000089600000, 0x0000000089600000, 0x0000000089700000|  0%| F|  |TAMS 0x0000000089600000| PB 0x0000000089600000| Untracked 
| 121|0x0000000089700000, 0x0000000089700000, 0x0000000089800000|  0%| F|  |TAMS 0x0000000089700000| PB 0x0000000089700000| Untracked 
| 122|0x0000000089800000, 0x0000000089843108, 0x0000000089900000| 26%| E|  |TAMS 0x0000000089800000| PB 0x0000000089800000| Complete 
| 123|0x0000000089900000, 0x0000000089a00000, 0x0000000089a00000|100%| E|CS|TAMS 0x0000000089900000| PB 0x0000000089900000| Complete 
| 124|0x0000000089a00000, 0x0000000089b00000, 0x0000000089b00000|100%| E|CS|TAMS 0x0000000089a00000| PB 0x0000000089a00000| Complete 
| 125|0x0000000089b00000, 0x0000000089c00000, 0x0000000089c00000|100%| E|CS|TAMS 0x0000000089b00000| PB 0x0000000089b00000| Complete 
| 126|0x0000000089c00000, 0x0000000089d00000, 0x0000000089d00000|100%| E|CS|TAMS 0x0000000089c00000| PB 0x0000000089c00000| Complete 
| 127|0x0000000089d00000, 0x0000000089e00000, 0x0000000089e00000|100%| E|CS|TAMS 0x0000000089d00000| PB 0x0000000089d00000| Complete 

Card table byte_map: [0x000001c2ff2a0000,0x000001c2ff6a0000] _byte_map_base: 0x000001c2fee91000

Marking Bits: (CMBitMap*) 0x000001c2e7a8d960
 Bits: [0x000001c280000000, 0x000001c281f88000)

Polling page: 0x000001c2e58b0000

Metaspace:

Usage:
  Non-class:      4.63 MB used.
      Class:    601.48 KB used.
       Both:      5.22 MB used.

Virtual space:
  Non-class space:       64.00 MB reserved,       4.69 MB (  7%) committed,  1 nodes.
      Class space:        1.00 GB reserved,     640.00 KB ( <1%) committed,  1 nodes.
             Both:        1.06 GB reserved,       5.31 MB ( <1%) committed. 

Chunk freelists:
   Non-Class:  10.89 MB
       Class:  15.25 MB
        Both:  26.14 MB

MaxMetaspaceSize: unlimited
CompressedClassSpaceSize: 1.00 GB
Initial GC threshold: 21.00 MB
Current GC threshold: 21.00 MB
CDS: on
 - commit_granule_bytes: 65536.
 - commit_granule_words: 8192.
 - virtual_space_node_default_size: 8388608.
 - enlarge_chunks_in_place: 1.
 - use_allocation_guard: 0.


Internal statistics:

num_allocs_failed_limit: 0.
num_arena_births: 114.
num_arena_deaths: 0.
num_vsnodes_births: 2.
num_vsnodes_deaths: 0.
num_space_committed: 85.
num_space_uncommitted: 0.
num_chunks_returned_to_freelist: 0.
num_chunks_taken_from_freelist: 135.
num_chunk_merges: 0.
num_chunk_splits: 83.
num_chunks_enlarged: 35.
num_inconsistent_stats: 0.

CodeHeap 'non-profiled nmethods': size=120000Kb used=166Kb max_used=166Kb free=119833Kb
 bounds [0x000001c2f7970000, 0x000001c2f7be0000, 0x000001c2feea0000]
CodeHeap 'profiled nmethods': size=120000Kb used=807Kb max_used=807Kb free=119192Kb
 bounds [0x000001c2efea0000, 0x000001c2f0110000, 0x000001c2f73d0000]
CodeHeap 'non-nmethods': size=5760Kb used=1419Kb max_used=1432Kb free=4340Kb
 bounds [0x000001c2f73d0000, 0x000001c2f7640000, 0x000001c2f7970000]
 total_blobs=1073 nmethods=562 adapters=416
 compilation: enabled
              stopped_count=0, restarted_count=0
 full_count=0

Compilation events (20 events):
Event: 0.844 Thread 0x000001c2ffb94da0  553       3       java.lang.invoke.LambdaFormEditor$TransformKey::<init> (15 bytes)
Event: 0.844 Thread 0x000001c2ffb94da0 nmethod 553 0x000001c2eff65b10 code [0x000001c2eff65cc0, 0x000001c2eff65e58]
Event: 0.844 Thread 0x000001c2ffb94da0  554       3       java.lang.invoke.LambdaFormEditor::getInCache (165 bytes)
Event: 0.845 Thread 0x000001c2ffb94da0 nmethod 554 0x000001c2eff65f10 code [0x000001c2eff661a0, 0x000001c2eff67098]
Event: 0.857 Thread 0x000001c2ffb94da0  555       1       java.beans.PropertyChangeEvent::getOldValue (5 bytes)
Event: 0.857 Thread 0x000001c2ffb94da0 nmethod 555 0x000001c2f7998f90 code [0x000001c2f7999120, 0x000001c2f79991e8]
Event: 0.857 Thread 0x000001c2ffb94da0  556       1       java.beans.PropertyChangeEvent::getNewValue (5 bytes)
Event: 0.857 Thread 0x000001c2ffb94da0 nmethod 556 0x000001c2f7999290 code [0x000001c2f7999420, 0x000001c2f79994e8]
Event: 0.877 Thread 0x000001c2ffb94da0  557       3       java.lang.invoke.MethodType::methodType (21 bytes)
Event: 0.877 Thread 0x000001c2ffb94da0 nmethod 557 0x000001c2eff67410 code [0x000001c2eff675e0, 0x000001c2eff677b8]
Event: 0.878 Thread 0x000001c2ffb94da0  558   !   3       java.lang.invoke.MemberName::getFieldType (176 bytes)
Event: 0.880 Thread 0x000001c2ffb94da0 nmethod 558 0x000001c2eff67890 code [0x000001c2eff67ba0, 0x000001c2eff68ef0]
Event: 0.886 Thread 0x000001c2ffb94da0  559       1       java.lang.Integer::intValue (5 bytes)
Event: 0.886 Thread 0x000001c2ffb94da0 nmethod 559 0x000001c2f7999590 code [0x000001c2f7999720, 0x000001c2f79997e8]
Event: 0.887 Thread 0x000001c2ffb94da0  560       3       java.awt.AWTKeyStroke::hashCode (36 bytes)
Event: 0.887 Thread 0x000001c2ffb94da0 nmethod 560 0x000001c2eff69510 code [0x000001c2eff696a0, 0x000001c2eff69828]
Event: 0.891 Thread 0x000001c2ffb906d0  561       4       java.lang.Object::<init> (1 bytes)
Event: 0.891 Thread 0x000001c2ffb906d0 nmethod 561 0x000001c2f7999890 code [0x000001c2f7999a20, 0x000001c2f7999ae8]
Event: 0.892 Thread 0x000001c2ffb94da0  562       3       java.lang.Integer::valueOf (32 bytes)
Event: 0.892 Thread 0x000001c2ffb94da0 nmethod 562 0x000001c2eff69890 code [0x000001c2eff69a60, 0x000001c2eff69d80]

GC Heap History (0 events):
No events

Dll operation events (6 events):
Event: 0.012 Loaded shared library C:\Program Files\Java\jdk-21\bin\java.dll
Event: 0.053 Loaded shared library C:\Program Files\Java\jdk-21\bin\jsvml.dll
Event: 0.117 Loaded shared library C:\Program Files\Java\jdk-21\bin\net.dll
Event: 0.120 Loaded shared library C:\Program Files\Java\jdk-21\bin\nio.dll
Event: 0.165 Loaded shared library C:\Program Files\Java\jdk-21\bin\jimage.dll
Event: 0.229 Loaded shared library C:\Program Files\Java\jdk-21\bin\awt.dll

Deoptimization events (4 events):
Event: 0.472 Thread 0x000001c2e58f94d0 Uncommon trap: trap_request=0xffffff45 fr.pc=0x000001c2f797f864 relative=0x0000000000000a04
Event: 0.472 Thread 0x000001c2e58f94d0 Uncommon trap: reason=unstable_if action=reinterpret pc=0x000001c2f797f864 method=java.util.HashMap.putVal(ILjava/lang/Object;Ljava/lang/Object;ZZ)Ljava/lang/Object; @ 236 c2
Event: 0.472 Thread 0x000001c2e58f94d0 DEOPT PACKING pc=0x000001c2f797f864 sp=0x000000b0525fd910
Event: 0.472 Thread 0x000001c2e58f94d0 DEOPT UNPACKING pc=0x000001c2f74246a2 sp=0x000000b0525fd8c8 mode 2

Classes loaded (20 events):
Event: 0.888 Loading class javax/swing/plaf/basic/BasicTextUI$FocusAction done
Event: 0.888 Loading class javax/swing/plaf/basic/BasicTextUI$TextActionWrapper
Event: 0.888 Loading class javax/swing/plaf/basic/BasicTextUI$TextActionWrapper done
Event: 0.888 Loading class javax/swing/plaf/synth/SynthUI
Event: 0.888 Loading class javax/swing/plaf/synth/SynthConstants
Event: 0.888 Loading class javax/swing/plaf/synth/SynthConstants done
Event: 0.888 Loading class javax/swing/plaf/synth/SynthUI done
Event: 0.888 Loading class javax/swing/JTextArea
Event: 0.889 Loading class javax/swing/JTextArea done
Event: 0.889 Loading class javax/swing/JEditorPane
Event: 0.890 Loading class javax/swing/JEditorPane done
Event: 0.890 Loading class javax/swing/DefaultBoundedRangeModel
Event: 0.890 Loading class javax/swing/BoundedRangeModel
Event: 0.890 Loading class javax/swing/BoundedRangeModel done
Event: 0.890 Loading class javax/swing/DefaultBoundedRangeModel done
Event: 0.890 Loading class javax/swing/JTextField$ScrollRepainter
Event: 0.890 Loading class javax/swing/JTextField$ScrollRepainter done
Event: 0.894 Loading class javax/swing/DefaultButtonModel
Event: 0.894 Loading class javax/swing/ButtonModel
Event: 0.894 Loading class javax/swing/ButtonModel done

Classes unloaded (0 events):
No events

Classes redefined (0 events):
No events

Internal exceptions (12 events):
Event: 0.121 Thread 0x000001c2e58f94d0 Exception <a 'sun/nio/fs/WindowsException'{0x0000000089c76b78}> (0x0000000089c76b78) 
thrown [s\open\src\hotspot\share\prims\jni.cpp, line 520]
Event: 0.124 Thread 0x000001c2e58f94d0 Exception <a 'sun/nio/fs/WindowsException'{0x0000000089c792a8}> (0x0000000089c792a8) 
thrown [s\open\src\hotspot\share\prims\jni.cpp, line 520]
Event: 0.124 Thread 0x000001c2e58f94d0 Exception <a 'sun/nio/fs/WindowsException'{0x0000000089c79e40}> (0x0000000089c79e40) 
thrown [s\open\src\hotspot\share\prims\jni.cpp, line 520]
Event: 0.176 Thread 0x000001c2e58f94d0 Exception <a 'java/lang/ClassNotFoundException'{0x0000000089b5da70}: sun/awt/resources/spi/awtProvider> (0x0000000089b5da70) 
thrown [s\open\src\hotspot\share\classfile\systemDictionary.cpp, line 312]
Event: 0.259 Thread 0x000001c2e58f94d0 Exception <a 'java/io/FileNotFoundException'{0x0000000089bb2d50}> (0x0000000089bb2d50) 
thrown [s\open\src\hotspot\share\prims\jni.cpp, line 520]
Event: 0.275 Thread 0x000001c2e58f94d0 Exception <a 'java/io/FileNotFoundException'{0x0000000089bdcfb8}> (0x0000000089bdcfb8) 
thrown [s\open\src\hotspot\share\prims\jni.cpp, line 520]
Event: 0.479 Thread 0x000001c2e58f94d0 Exception <a 'java/lang/NoSuchMethodError'{0x0000000089a70098}: 'void java.lang.invoke.DirectMethodHandle$Holder.invokeSpecial(java.lang.Object, java.lang.Object, java.lang.Object)'> (0x0000000089a70098) 
thrown [s\open\src\hotspot\share\interpreter\linkResolver.cpp, line 773]
Event: 0.497 Thread 0x000001c2e58f94d0 Exception <a 'java/lang/NoSuchMethodError'{0x0000000089910500}: 'java.lang.Object java.lang.invoke.DirectMethodHandle$Holder.newInvokeSpecial(java.lang.Object, java.lang.Object, java.lang.Object, java.lang.Object, java.lang.Object)'> (0x0000000089910500) 
thrown [s\open\src\hotspot\share\interpreter\linkResolver.cpp, line 773]
Event: 0.517 Thread 0x000001c2e58f94d0 Exception <a 'java/lang/NoSuchMethodError'{0x000000008993c088}: 'java.lang.Object java.lang.invoke.DirectMethodHandle$Holder.invokeStatic(java.lang.Object, int, java.lang.Object)'> (0x000000008993c088) 
thrown [s\open\src\hotspot\share\interpreter\linkResolver.cpp, line 773]
Event: 0.647 Thread 0x000001c2e58f94d0 Exception <a 'java/lang/ClassNotFoundException'{0x00000000899dbc30}: com/sun/swing/internal/plaf/metal/resources/spi/metalProvider> (0x00000000899dbc30) 
thrown [s\open\src\hotspot\share\classfile\systemDictionary.cpp, line 312]
Event: 0.651 Thread 0x000001c2e58f94d0 Exception <a 'java/lang/ClassNotFoundException'{0x00000000899dfb90}: com/sun/swing/internal/plaf/basic/resources/spi/basicProvider> (0x00000000899dfb90) 
thrown [s\open\src\hotspot\share\classfile\systemDictionary.cpp, line 312]
Event: 0.697 Thread 0x000001c2e58f94d0 Exception <a 'java/lang/NoSuchMethodError'{0x00000000899fed10}: 'int java.lang.invoke.Invokers$Holder.invokeExact_MT(java.lang.Object, java.lang.Object)'> (0x00000000899fed10) 
thrown [s\open\src\hotspot\share\interpreter\linkResolver.cpp, line 773]

ZGC Phase Switch (0 events):
No events

VM Operations (6 events):
Event: 0.126 Executing VM operation: HandshakeAllThreads (Deoptimize)
Event: 0.126 Executing VM operation: HandshakeAllThreads (Deoptimize) done
Event: 0.292 Executing VM operation: HandshakeAllThreads (Deoptimize)
Event: 0.292 Executing VM operation: HandshakeAllThreads (Deoptimize) done
Event: 0.875 Executing VM operation: HandshakeAllThreads (Deoptimize)
Event: 0.875 Executing VM operation: HandshakeAllThreads (Deoptimize) done

Events (14 events):
Event: 0.031 Thread 0x000001c2e58f94d0 Thread added: 0x000001c2e58f94d0
Event: 0.050 Thread 0x000001c2ffb5b550 Thread added: 0x000001c2ffb5b550
Event: 0.050 Thread 0x000001c2ffb5c270 Thread added: 0x000001c2ffb5c270
Event: 0.051 Thread 0x000001c2ffb600e0 Thread added: 0x000001c2ffb600e0
Event: 0.051 Thread 0x000001c2ffb60f50 Thread added: 0x000001c2ffb60f50
Event: 0.051 Thread 0x000001c2ffb6b9d0 Thread added: 0x000001c2ffb6b9d0
Event: 0.051 Thread 0x000001c2ffb8ec00 Thread added: 0x000001c2ffb8ec00
Event: 0.051 Thread 0x000001c2ffb906d0 Thread added: 0x000001c2ffb906d0
Event: 0.051 Thread 0x000001c2ffb94da0 Thread added: 0x000001c2ffb94da0
Event: 0.091 Thread 0x000001c2c918f650 Thread added: 0x000001c2c918f650
Event: 0.145 Thread 0x000001c2c92a3f30 Thread added: 0x000001c2c92a3f30
Event: 0.373 Thread 0x000001c2c93e8dc0 Thread added: 0x000001c2c93e8dc0
Event: 0.380 Thread 0x000001c2c93e9650 Thread added: 0x000001c2c93e9650
Event: 0.401 Thread 0x000001c2c93f3920 Thread added: 0x000001c2c93f3920


Dynamic libraries:
0x00007ff758480000 - 0x00007ff758490000 	C:\Program Files\Java\jdk-21\bin\java.exe
0x00007ff9e2070000 - 0x00007ff9e2268000 	C:\Windows\SYSTEM32\ntdll.dll
0x00007ff9e1300000 - 0x00007ff9e13c2000 	C:\Windows\System32\KERNEL32.DLL
0x00007ff9dfa20000 - 0x00007ff9dfd1e000 	C:\Windows\System32\KERNELBASE.dll
0x00007ff9df920000 - 0x00007ff9dfa20000 	C:\Windows\System32\ucrtbase.dll
0x00007ff9da760000 - 0x00007ff9da77b000 	C:\Program Files\Java\jdk-21\bin\VCRUNTIME140.dll
0x00007ff9d4d50000 - 0x00007ff9d4d69000 	C:\Program Files\Java\jdk-21\bin\jli.dll
0x00007ff9e14b0000 - 0x00007ff9e1561000 	C:\Windows\System32\ADVAPI32.dll
0x00007ff9e0770000 - 0x00007ff9e080e000 	C:\Windows\System32\msvcrt.dll
0x00007ff9e08e0000 - 0x00007ff9e097f000 	C:\Windows\System32\sechost.dll
0x00007ff9e1a90000 - 0x00007ff9e1bb3000 	C:\Windows\System32\RPCRT4.dll
0x00007ff9df710000 - 0x00007ff9df737000 	C:\Windows\System32\bcrypt.dll
0x00007ff9e00a0000 - 0x00007ff9e023d000 	C:\Windows\System32\USER32.dll
0x00007ff9df840000 - 0x00007ff9df862000 	C:\Windows\System32\win32u.dll
0x00007ff9e1e50000 - 0x00007ff9e1e7b000 	C:\Windows\System32\GDI32.dll
0x00007ff9dfdc0000 - 0x00007ff9dfed7000 	C:\Windows\System32\gdi32full.dll
0x00007ff9dfd20000 - 0x00007ff9dfdbd000 	C:\Windows\System32\msvcp_win.dll
0x00007ff9cf050000 - 0x00007ff9cf2ea000 	C:\Windows\WinSxS\amd64_microsoft.windows.common-controls_6595b64144ccf1df_6.0.19041.4355_none_60b8b9eb71f62e16\COMCTL32.dll
0x00007ff9d1310000 - 0x00007ff9d131a000 	C:\Windows\SYSTEM32\VERSION.dll
0x00007ff9e1e10000 - 0x00007ff9e1e3f000 	C:\Windows\System32\IMM32.DLL
0x00007ff9db3f0000 - 0x00007ff9db3fc000 	C:\Program Files\Java\jdk-21\bin\vcruntime140_1.dll
0x00007ff9a0540000 - 0x00007ff9a05ce000 	C:\Program Files\Java\jdk-21\bin\msvcp140.dll
0x00007ff937ac0000 - 0x00007ff9387d5000 	C:\Program Files\Java\jdk-21\bin\server\jvm.dll
0x00007ff9e13e0000 - 0x00007ff9e144b000 	C:\Windows\System32\WS2_32.dll
0x00007ff9df190000 - 0x00007ff9df1db000 	C:\Windows\SYSTEM32\POWRPROF.dll
0x00007ff9cf430000 - 0x00007ff9cf457000 	C:\Windows\SYSTEM32\WINMM.dll
0x00007ff9df140000 - 0x00007ff9df152000 	C:\Windows\SYSTEM32\UMPDC.dll
0x00007ff9dd770000 - 0x00007ff9dd782000 	C:\Windows\SYSTEM32\kernel.appcore.dll
0x00007ff9da7f0000 - 0x00007ff9da7fa000 	C:\Program Files\Java\jdk-21\bin\jimage.dll
0x00007ff9c9fc0000 - 0x00007ff9ca1a4000 	C:\Windows\SYSTEM32\DBGHELP.DLL
0x00007ff9c9100000 - 0x00007ff9c9134000 	C:\Windows\SYSTEM32\dbgcore.DLL
0x00007ff9df7b0000 - 0x00007ff9df832000 	C:\Windows\System32\bcryptPrimitives.dll
0x00007ff9d7eb0000 - 0x00007ff9d7ecf000 	C:\Program Files\Java\jdk-21\bin\java.dll
0x00007ff9e0b90000 - 0x00007ff9e12fd000 	C:\Windows\System32\SHELL32.dll
0x00007ff9dd790000 - 0x00007ff9ddf34000 	C:\Windows\SYSTEM32\windows.storage.dll
0x00007ff9e1570000 - 0x00007ff9e18c3000 	C:\Windows\System32\combase.dll
0x00007ff9df0d0000 - 0x00007ff9df0fe000 	C:\Windows\SYSTEM32\Wldp.dll
0x00007ff9e1d40000 - 0x00007ff9e1e0d000 	C:\Windows\System32\OLEAUT32.dll
0x00007ff9e0830000 - 0x00007ff9e08dd000 	C:\Windows\System32\SHCORE.dll
0x00007ff9e0240000 - 0x00007ff9e0295000 	C:\Windows\System32\shlwapi.dll
0x00007ff9df640000 - 0x00007ff9df664000 	C:\Windows\SYSTEM32\profapi.dll
0x00007ff9a1c50000 - 0x00007ff9a1d27000 	C:\Program Files\Java\jdk-21\bin\jsvml.dll
0x00007ff9da530000 - 0x00007ff9da540000 	C:\Program Files\Java\jdk-21\bin\net.dll
0x00007ff9d6cc0000 - 0x00007ff9d6dcd000 	C:\Windows\SYSTEM32\WINHTTP.dll
0x00007ff9dedd0000 - 0x00007ff9dee3a000 	C:\Windows\system32\mswsock.dll
0x00007ff9d5630000 - 0x00007ff9d5646000 	C:\Program Files\Java\jdk-21\bin\nio.dll
0x00007ff986910000 - 0x00007ff986a9f000 	C:\Program Files\Java\jdk-21\bin\awt.dll
0x00007ff9db830000 - 0x00007ff9db8c4000 	C:\Windows\SYSTEM32\apphelp.dll
0x00007ff9dcd80000 - 0x00007ff9dcdaf000 	C:\Windows\system32\DWMAPI.DLL
0x00007ff9dca70000 - 0x00007ff9dcb0e000 	C:\Windows\system32\uxtheme.dll
0x00007ff9c7c20000 - 0x00007ff9c7d48000 	C:\Windows\system32\opengl32.dll
0x00007ff9cd2d0000 - 0x00007ff9cd2fc000 	C:\Windows\SYSTEM32\GLU32.dll
0x00007ff9e1bc0000 - 0x00007ff9e1cd5000 	C:\Windows\System32\MSCTF.dll
0x00007ff9e1960000 - 0x00007ff9e1a8b000 	C:\Windows\System32\ole32.dll

dbghelp: loaded successfully - version: 4.0.5 - missing functions: none
symbol engine: initialized successfully - sym options: 0x614 - pdb path: .;C:\Program Files\Java\jdk-21\bin;C:\Windows\SYSTEM32;C:\Windows\WinSxS\amd64_microsoft.windows.common-controls_6595b64144ccf1df_6.0.19041.4355_none_60b8b9eb71f62e16;C:\Program Files\Java\jdk-21\bin\server

VM Arguments:
jvm_args: -Dfile.encoding=UTF-8 --module-path=C:\Users\user\OneDrive\Documents\NetBeansProjects\Employee Management System\build\classes 
java_command: employee.management.system.Login
java_class_path (initial): C:\Users\user\OneDrive\Documents\NetBeansProjects\Employee Management System\build\classes
Launcher Type: SUN_STANDARD

[Global flags]
     intx CICompilerCount                          = 3                                         {product} {ergonomic}
     uint ConcGCThreads                            = 1                                         {product} {ergonomic}
     uint G1ConcRefinementThreads                  = 4                                         {product} {ergonomic}
   size_t G1HeapRegionSize                         = 1048576                                   {product} {ergonomic}
    uintx GCDrainStackTargetSize                   = 64                                        {product} {ergonomic}
   size_t InitialHeapSize                          = 134217728                                 {product} {ergonomic}
   size_t MarkStackSize                            = 4194304                                   {product} {ergonomic}
   size_t MaxHeapSize                              = 2116026368                                {product} {ergonomic}
   size_t MaxNewSize                               = 1268776960                                {product} {ergonomic}
   size_t MinHeapDeltaBytes                        = 1048576                                   {product} {ergonomic}
   size_t MinHeapSize                              = 8388608                                   {product} {ergonomic}
    uintx NonNMethodCodeHeapSize                   = 5832780                                {pd product} {ergonomic}
    uintx NonProfiledCodeHeapSize                  = 122912730                              {pd product} {ergonomic}
    uintx ProfiledCodeHeapSize                     = 122912730                              {pd product} {ergonomic}
    uintx ReservedCodeCacheSize                    = 251658240                              {pd product} {ergonomic}
     bool SegmentedCodeCache                       = true                                      {product} {ergonomic}
   size_t SoftMaxHeapSize                          = 2116026368                             {manageable} {ergonomic}
     bool UseCompressedOops                        = true                           {product lp64_product} {ergonomic}
     bool UseG1GC                                  = true                                      {product} {ergonomic}
     bool UseLargePagesIndividualAllocation        = false                                  {pd product} {ergonomic}

Logging:
Log output configuration:
 #0: stdout all=warning uptime,level,tags foldmultilines=false
 #1: stderr all=off uptime,level,tags foldmultilines=false

Environment Variables:
PATH=C:\Program Files\Common Files\Oracle\Java\javapath;C:\Windows\system32;C:\Windows;C:\Windows\System32\Wbem;C:\Windows\System32\WindowsPowerShell\v1.0\;C:\Windows\System32\OpenSSH\;C:\Program Files\Java\jdk-21\bin;C:\Program Files\nodejs\;C:\Users\user\AppData\Local\Programs\Python\Python312\Scripts\;C:\Users\user\AppData\Local\Programs\Python\Python312\;C:\Program Files\Java\jdk-21\bin;C:\Users\user\AppData\Local\Programs\Microsoft VS Code\bin;C:\Users\user\AppData\Roaming\npm
USERNAME=user
OS=Windows_NT
PROCESSOR_IDENTIFIER=Intel64 Family 6 Model 61 Stepping 4, GenuineIntel
TMP=C:\Users\user\AppData\Local\Temp
TEMP=C:\Users\user\AppData\Local\Temp




Periodic native trim disabled

---------------  S Y S T E M  ---------------

OS:
 Windows 10 , 64 bit Build 19041 (10.0.19041.5072)
OS uptime: 1 days 21:20 hours

CPU: total 4 (initial active 4) (2 cores per cpu, 2 threads per core) family 6 model 61 stepping 4 microcode 0x2d, cx8, cmov, fxsr, ht, mmx, 3dnowpref, sse, sse2, sse3, ssse3, sse4.1, sse4.2, popcnt, lzcnt, tsc, tscinvbit, avx, avx2, aes, erms, clmul, bmi1, bmi2, rtm, adx, fma, vzeroupper, clflush, rdtscp, f16c
Processor Information for all 4 processors :
  Max Mhz: 2301, Current Mhz: 2300, Mhz Limit: 2277

Memory: 4k page, system-wide physical 8067M (1471M free)
TotalPageFile size 13671M (AvailPageFile size 3M)
current process WorkingSet (physical memory assigned to process): 49M, peak: 49M
current process commit charge ("private bytes"): 208M, peak: 208M

vm_info: Java HotSpot(TM) 64-Bit Server VM (21.0.1+12-LTS-29) for windows-amd64 JRE (21.0.1+12-LTS-29), built on 2023-10-05T13:27:09Z by "mach5one" with MS VC++ 17.1 (VS2022)

END.
