#
# There is insufficient memory for the Java Runtime Environment to continue.
# Native memory allocation (malloc) failed to allocate 32744 bytes for Chunk::new
# Possible reasons:
#   The system is out of physical RAM or swap space
#   The process is running with CompressedOops enabled, and the Java Heap may be blocking the growth of the native heap
# Possible solutions:
#   Reduce memory load on the system
#   Increase physical memory or swap space
#   Check if swap backing store is full
#   Decrease Java heap size (-Xmx/-Xms)
#   Decrease number of Java threads
#   Decrease Java thread stack sizes (-Xss)
#   Set larger code cache with -XX:ReservedCodeCacheSize=
#   JVM is running with Unscaled Compressed Oops mode in which the Java heap is
#     placed in the first 4GB address space. The Java Heap base address is the
#     maximum limit for the native heap growth. Please use -XX:HeapBaseMinAddress
#     to set the Java Heap base and to place the Java Heap above 4GB virtual address.
# This output file may be truncated or incomplete.
#
#  Out of Memory Error (arena.cpp:168), pid=18692, tid=12692
#
# JRE version: Java(TM) SE Runtime Environment (21.0.1+12) (build 21.0.1+12-LTS-29)
# Java VM: Java HotSpot(TM) 64-Bit Server VM (21.0.1+12-LTS-29, mixed mode, sharing, tiered, compressed oops, compressed class ptrs, g1 gc, windows-amd64)
# No core dump will be written. Minidumps are not enabled by default on client versions of Windows
#

---------------  S U M M A R Y ------------

Command Line: -Dfile.encoding=UTF-8 --module-path=C:\Users\user\OneDrive\Documents\NetBeansProjects\Employee Management System\build\classes employee.management.system.AddEmployee

Host: Intel(R) Core(TM) i5-5300U CPU @ 2.30GHz, 4 cores, 7G,  Windows 10 , 64 bit Build 19041 (10.0.19041.5072)
Time: Tue Nov 12 16:15:30 2024 India Standard Time elapsed time: 0.125487 seconds (0d 0h 0m 0s)

---------------  T H R E A D  ---------------

Current thread (0x00000287c9aa4930):  JavaThread "C2 CompilerThread0" daemon [_thread_in_native, id=12692, stack(0x000000a890f00000,0x000000a891000000) (1024K)]


Current CompileTask:
C2:    125  169       4       java.util.HashMap::putVal (300 bytes)

Stack: [0x000000a890f00000,0x000000a891000000]
Native frames: (J=compiled Java code, j=interpreted, Vv=VM code, C=native code)
V  [jvm.dll+0x6c9029]
V  [jvm.dll+0x854b81]
V  [jvm.dll+0x856e5e]
V  [jvm.dll+0x857543]
V  [jvm.dll+0x280c06]
V  [jvm.dll+0xc3ead]
V  [jvm.dll+0xc43c3]
V  [jvm.dll+0x712018]
V  [jvm.dll+0x1e1fc1]
V  [jvm.dll+0x249c22]
V  [jvm.dll+0x2490b1]
V  [jvm.dll+0x1c9ca1]
V  [jvm.dll+0x2586b9]
V  [jvm.dll+0x256c9a]
V  [jvm.dll+0x3ef1b6]
V  [jvm.dll+0x7fd728]
V  [jvm.dll+0x6c777d]
C  [ucrtbase.dll+0x21bb2]
C  [KERNEL32.DLL+0x17374]
C  [ntdll.dll+0x4cc91]


---------------  P R O C E S S  ---------------

Threads class SMR info:
_java_thread_list=0x00000287c9ce6520, length=11, elements={
0x00000287ab89fae0, 0x00000287c9a8b870, 0x00000287c9a8c630, 0x00000287c9a920d0,
0x00000287c9a951c0, 0x00000287c9a95c20, 0x00000287c9a9e690, 0x00000287c9aa4930,
0x00000287c9aa73e0, 0x00000287c9cb0080, 0x00000287c9d6fe60
}

Java Threads: ( => current thread )
  0x00000287ab89fae0 JavaThread "main"                              [_thread_in_vm, id=13504, stack(0x000000a890100000,0x000000a890200000) (1024K)]
  0x00000287c9a8b870 JavaThread "Reference Handler"          daemon [_thread_blocked, id=6436, stack(0x000000a890900000,0x000000a890a00000) (1024K)]
  0x00000287c9a8c630 JavaThread "Finalizer"                  daemon [_thread_blocked, id=9524, stack(0x000000a890a00000,0x000000a890b00000) (1024K)]
  0x00000287c9a920d0 JavaThread "Signal Dispatcher"          daemon [_thread_blocked, id=10580, stack(0x000000a890b00000,0x000000a890c00000) (1024K)]
  0x00000287c9a951c0 JavaThread "Attach Listener"            daemon [_thread_blocked, id=17476, stack(0x000000a890c00000,0x000000a890d00000) (1024K)]
  0x00000287c9a95c20 JavaThread "Service Thread"             daemon [_thread_blocked, id=3140, stack(0x000000a890d00000,0x000000a890e00000) (1024K)]
  0x00000287c9a9e690 JavaThread "Monitor Deflation Thread"   daemon [_thread_blocked, id=17392, stack(0x000000a890e00000,0x000000a890f00000) (1024K)]
=>0x00000287c9aa4930 JavaThread "C2 CompilerThread0"         daemon [_thread_in_native, id=12692, stack(0x000000a890f00000,0x000000a891000000) (1024K)]
  0x00000287c9aa73e0 JavaThread "C1 CompilerThread0"         daemon [_thread_blocked, id=2284, stack(0x000000a891000000,0x000000a891100000) (1024K)]
  0x00000287c9cb0080 JavaThread "Common-Cleaner"             daemon [_thread_blocked, id=6744, stack(0x000000a891100000,0x000000a891200000) (1024K)]
  0x00000287c9d6fe60 JavaThread "Notification Thread"        daemon [_thread_blocked, id=5428, stack(0x000000a891200000,0x000000a891300000) (1024K)]
Total: 11

Other Threads:
  0x00000287c9a6c000 VMThread "VM Thread"                           [id=3064, stack(0x000000a890800000,0x000000a890900000) (1024K)]
  0x00000287c9a56310 WatcherThread "VM Periodic Task Thread"        [id=14152, stack(0x000000a890700000,0x000000a890800000) (1024K)]
  0x00000287ada2fc90 WorkerThread "GC Thread#0"                     [id=19896, stack(0x000000a890200000,0x000000a890300000) (1024K)]
  0x00000287ada41270 ConcurrentGCThread "G1 Main Marker"            [id=19492, stack(0x000000a890300000,0x000000a890400000) (1024K)]
  0x00000287ada42510 WorkerThread "G1 Conc#0"                       [id=4812, stack(0x000000a890400000,0x000000a890500000) (1024K)]
  0x00000287adaae850 ConcurrentGCThread "G1 Refine#0"               [id=2248, stack(0x000000a890500000,0x000000a890600000) (1024K)]
  0x00000287c99194d0 ConcurrentGCThread "G1 Service"                [id=7764, stack(0x000000a890600000,0x000000a890700000) (1024K)]
Total: 7

Threads with active compile tasks:
C2 CompilerThread0      162  169       4       java.util.HashMap::putVal (300 bytes)
Total: 1

VM state: not at safepoint (normal execution)

VM Mutex/Monitor currently owned by a thread: None

Heap address: 0x0000000081e00000, size: 2018 MB, Compressed Oops mode: 32-bit

CDS archive(s) mapped at: [0x00000287ca000000-0x00000287cac90000-0x00000287cac90000), size 13172736, SharedBaseAddress: 0x00000287ca000000, ArchiveRelocationMode: 1.
Compressed class space mapped at: 0x00000287cb000000-0x000002880b000000, reserved size: 1073741824
Narrow klass base: 0x00000287ca000000, Narrow klass shift: 0, Narrow klass range: 0x100000000

GC Precious Log:
 CardTable entry size: 512
 Card Set container configuration: InlinePtr #cards 5 size 8 Array Of Cards #cards 12 size 40 Howl #buckets 4 coarsen threshold 1843 Howl Bitmap #cards 512 size 80 coarsen threshold 460 Card regions per heap region 1 cards per card region 2048
 CPUs: 4 total, 4 available
 Memory: 8067M
 Large Page Support: Disabled
 NUMA Support: Disabled
 Compressed Oops: Enabled (32-bit)
 Heap Region Size: 1M
 Heap Min Capacity: 8M
 Heap Initial Capacity: 128M
 Heap Max Capacity: 2018M
 Pre-touch: Disabled
 Parallel Workers: 4
 Concurrent Workers: 1
 Concurrent Refinement Workers: 4
 Periodic GC: Disabled

Heap:
 garbage-first heap   total 131072K, used 2048K [0x0000000081e00000, 0x0000000100000000)
  region size 1024K, 3 young (3072K), 0 survivors (0K)
 Metaspace       used 407K, committed 576K, reserved 1114112K
  class space    used 27K, committed 128K, reserved 1048576K

Heap Regions: E=young(eden), S=young(survivor), O=old, HS=humongous(starts), HC=humongous(continues), CS=collection set, F=free, TAMS=top-at-mark-start, PB=parsable bottom
|   0|0x0000000081e00000, 0x0000000081e00000, 0x0000000081f00000|  0%| F|  |TAMS 0x0000000081e00000| PB 0x0000000081e00000| Untracked 
|   1|0x0000000081f00000, 0x0000000081f00000, 0x0000000082000000|  0%| F|  |TAMS 0x0000000081f00000| PB 0x0000000081f00000| Untracked 
|   2|0x0000000082000000, 0x0000000082000000, 0x0000000082100000|  0%| F|  |TAMS 0x0000000082000000| PB 0x0000000082000000| Untracked 
|   3|0x0000000082100000, 0x0000000082100000, 0x0000000082200000|  0%| F|  |TAMS 0x0000000082100000| PB 0x0000000082100000| Untracked 
|   4|0x0000000082200000, 0x0000000082200000, 0x0000000082300000|  0%| F|  |TAMS 0x0000000082200000| PB 0x0000000082200000| Untracked 
|   5|0x0000000082300000, 0x0000000082300000, 0x0000000082400000|  0%| F|  |TAMS 0x0000000082300000| PB 0x0000000082300000| Untracked 
|   6|0x0000000082400000, 0x0000000082400000, 0x0000000082500000|  0%| F|  |TAMS 0x0000000082400000| PB 0x0000000082400000| Untracked 
|   7|0x0000000082500000, 0x0000000082500000, 0x0000000082600000|  0%| F|  |TAMS 0x0000000082500000| PB 0x0000000082500000| Untracked 
|   8|0x0000000082600000, 0x0000000082600000, 0x0000000082700000|  0%| F|  |TAMS 0x0000000082600000| PB 0x0000000082600000| Untracked 
|   9|0x0000000082700000, 0x0000000082700000, 0x0000000082800000|  0%| F|  |TAMS 0x0000000082700000| PB 0x0000000082700000| Untracked 
|  10|0x0000000082800000, 0x0000000082800000, 0x0000000082900000|  0%| F|  |TAMS 0x0000000082800000| PB 0x0000000082800000| Untracked 
|  11|0x0000000082900000, 0x0000000082900000, 0x0000000082a00000|  0%| F|  |TAMS 0x0000000082900000| PB 0x0000000082900000| Untracked 
|  12|0x0000000082a00000, 0x0000000082a00000, 0x0000000082b00000|  0%| F|  |TAMS 0x0000000082a00000| PB 0x0000000082a00000| Untracked 
|  13|0x0000000082b00000, 0x0000000082b00000, 0x0000000082c00000|  0%| F|  |TAMS 0x0000000082b00000| PB 0x0000000082b00000| Untracked 
|  14|0x0000000082c00000, 0x0000000082c00000, 0x0000000082d00000|  0%| F|  |TAMS 0x0000000082c00000| PB 0x0000000082c00000| Untracked 
|  15|0x0000000082d00000, 0x0000000082d00000, 0x0000000082e00000|  0%| F|  |TAMS 0x0000000082d00000| PB 0x0000000082d00000| Untracked 
|  16|0x0000000082e00000, 0x0000000082e00000, 0x0000000082f00000|  0%| F|  |TAMS 0x0000000082e00000| PB 0x0000000082e00000| Untracked 
|  17|0x0000000082f00000, 0x0000000082f00000, 0x0000000083000000|  0%| F|  |TAMS 0x0000000082f00000| PB 0x0000000082f00000| Untracked 
|  18|0x0000000083000000, 0x0000000083000000, 0x0000000083100000|  0%| F|  |TAMS 0x0000000083000000| PB 0x0000000083000000| Untracked 
|  19|0x0000000083100000, 0x0000000083100000, 0x0000000083200000|  0%| F|  |TAMS 0x0000000083100000| PB 0x0000000083100000| Untracked 
|  20|0x0000000083200000, 0x0000000083200000, 0x0000000083300000|  0%| F|  |TAMS 0x0000000083200000| PB 0x0000000083200000| Untracked 
|  21|0x0000000083300000, 0x0000000083300000, 0x0000000083400000|  0%| F|  |TAMS 0x0000000083300000| PB 0x0000000083300000| Untracked 
|  22|0x0000000083400000, 0x0000000083400000, 0x0000000083500000|  0%| F|  |TAMS 0x0000000083400000| PB 0x0000000083400000| Untracked 
|  23|0x0000000083500000, 0x0000000083500000, 0x0000000083600000|  0%| F|  |TAMS 0x0000000083500000| PB 0x0000000083500000| Untracked 
|  24|0x0000000083600000, 0x0000000083600000, 0x0000000083700000|  0%| F|  |TAMS 0x0000000083600000| PB 0x0000000083600000| Untracked 
|  25|0x0000000083700000, 0x0000000083700000, 0x0000000083800000|  0%| F|  |TAMS 0x0000000083700000| PB 0x0000000083700000| Untracked 
|  26|0x0000000083800000, 0x0000000083800000, 0x0000000083900000|  0%| F|  |TAMS 0x0000000083800000| PB 0x0000000083800000| Untracked 
|  27|0x0000000083900000, 0x0000000083900000, 0x0000000083a00000|  0%| F|  |TAMS 0x0000000083900000| PB 0x0000000083900000| Untracked 
|  28|0x0000000083a00000, 0x0000000083a00000, 0x0000000083b00000|  0%| F|  |TAMS 0x0000000083a00000| PB 0x0000000083a00000| Untracked 
|  29|0x0000000083b00000, 0x0000000083b00000, 0x0000000083c00000|  0%| F|  |TAMS 0x0000000083b00000| PB 0x0000000083b00000| Untracked 
|  30|0x0000000083c00000, 0x0000000083c00000, 0x0000000083d00000|  0%| F|  |TAMS 0x0000000083c00000| PB 0x0000000083c00000| Untracked 
|  31|0x0000000083d00000, 0x0000000083d00000, 0x0000000083e00000|  0%| F|  |TAMS 0x0000000083d00000| PB 0x0000000083d00000| Untracked 
|  32|0x0000000083e00000, 0x0000000083e00000, 0x0000000083f00000|  0%| F|  |TAMS 0x0000000083e00000| PB 0x0000000083e00000| Untracked 
|  33|0x0000000083f00000, 0x0000000083f00000, 0x0000000084000000|  0%| F|  |TAMS 0x0000000083f00000| PB 0x0000000083f00000| Untracked 
|  34|0x0000000084000000, 0x0000000084000000, 0x0000000084100000|  0%| F|  |TAMS 0x0000000084000000| PB 0x0000000084000000| Untracked 
|  35|0x0000000084100000, 0x0000000084100000, 0x0000000084200000|  0%| F|  |TAMS 0x0000000084100000| PB 0x0000000084100000| Untracked 
|  36|0x0000000084200000, 0x0000000084200000, 0x0000000084300000|  0%| F|  |TAMS 0x0000000084200000| PB 0x0000000084200000| Untracked 
|  37|0x0000000084300000, 0x0000000084300000, 0x0000000084400000|  0%| F|  |TAMS 0x0000000084300000| PB 0x0000000084300000| Untracked 
|  38|0x0000000084400000, 0x0000000084400000, 0x0000000084500000|  0%| F|  |TAMS 0x0000000084400000| PB 0x0000000084400000| Untracked 
|  39|0x0000000084500000, 0x0000000084500000, 0x0000000084600000|  0%| F|  |TAMS 0x0000000084500000| PB 0x0000000084500000| Untracked 
|  40|0x0000000084600000, 0x0000000084600000, 0x0000000084700000|  0%| F|  |TAMS 0x0000000084600000| PB 0x0000000084600000| Untracked 
|  41|0x0000000084700000, 0x0000000084700000, 0x0000000084800000|  0%| F|  |TAMS 0x0000000084700000| PB 0x0000000084700000| Untracked 
|  42|0x0000000084800000, 0x0000000084800000, 0x0000000084900000|  0%| F|  |TAMS 0x0000000084800000| PB 0x0000000084800000| Untracked 
|  43|0x0000000084900000, 0x0000000084900000, 0x0000000084a00000|  0%| F|  |TAMS 0x0000000084900000| PB 0x0000000084900000| Untracked 
|  44|0x0000000084a00000, 0x0000000084a00000, 0x0000000084b00000|  0%| F|  |TAMS 0x0000000084a00000| PB 0x0000000084a00000| Untracked 
|  45|0x0000000084b00000, 0x0000000084b00000, 0x0000000084c00000|  0%| F|  |TAMS 0x0000000084b00000| PB 0x0000000084b00000| Untracked 
|  46|0x0000000084c00000, 0x0000000084c00000, 0x0000000084d00000|  0%| F|  |TAMS 0x0000000084c00000| PB 0x0000000084c00000| Untracked 
|  47|0x0000000084d00000, 0x0000000084d00000, 0x0000000084e00000|  0%| F|  |TAMS 0x0000000084d00000| PB 0x0000000084d00000| Untracked 
|  48|0x0000000084e00000, 0x0000000084e00000, 0x0000000084f00000|  0%| F|  |TAMS 0x0000000084e00000| PB 0x0000000084e00000| Untracked 
|  49|0x0000000084f00000, 0x0000000084f00000, 0x0000000085000000|  0%| F|  |TAMS 0x0000000084f00000| PB 0x0000000084f00000| Untracked 
|  50|0x0000000085000000, 0x0000000085000000, 0x0000000085100000|  0%| F|  |TAMS 0x0000000085000000| PB 0x0000000085000000| Untracked 
|  51|0x0000000085100000, 0x0000000085100000, 0x0000000085200000|  0%| F|  |TAMS 0x0000000085100000| PB 0x0000000085100000| Untracked 
|  52|0x0000000085200000, 0x0000000085200000, 0x0000000085300000|  0%| F|  |TAMS 0x0000000085200000| PB 0x0000000085200000| Untracked 
|  53|0x0000000085300000, 0x0000000085300000, 0x0000000085400000|  0%| F|  |TAMS 0x0000000085300000| PB 0x0000000085300000| Untracked 
|  54|0x0000000085400000, 0x0000000085400000, 0x0000000085500000|  0%| F|  |TAMS 0x0000000085400000| PB 0x0000000085400000| Untracked 
|  55|0x0000000085500000, 0x0000000085500000, 0x0000000085600000|  0%| F|  |TAMS 0x0000000085500000| PB 0x0000000085500000| Untracked 
|  56|0x0000000085600000, 0x0000000085600000, 0x0000000085700000|  0%| F|  |TAMS 0x0000000085600000| PB 0x0000000085600000| Untracked 
|  57|0x0000000085700000, 0x0000000085700000, 0x0000000085800000|  0%| F|  |TAMS 0x0000000085700000| PB 0x0000000085700000| Untracked 
|  58|0x0000000085800000, 0x0000000085800000, 0x0000000085900000|  0%| F|  |TAMS 0x0000000085800000| PB 0x0000000085800000| Untracked 
|  59|0x0000000085900000, 0x0000000085900000, 0x0000000085a00000|  0%| F|  |TAMS 0x0000000085900000| PB 0x0000000085900000| Untracked 
|  60|0x0000000085a00000, 0x0000000085a00000, 0x0000000085b00000|  0%| F|  |TAMS 0x0000000085a00000| PB 0x0000000085a00000| Untracked 
|  61|0x0000000085b00000, 0x0000000085b00000, 0x0000000085c00000|  0%| F|  |TAMS 0x0000000085b00000| PB 0x0000000085b00000| Untracked 
|  62|0x0000000085c00000, 0x0000000085c00000, 0x0000000085d00000|  0%| F|  |TAMS 0x0000000085c00000| PB 0x0000000085c00000| Untracked 
|  63|0x0000000085d00000, 0x0000000085d00000, 0x0000000085e00000|  0%| F|  |TAMS 0x0000000085d00000| PB 0x0000000085d00000| Untracked 
|  64|0x0000000085e00000, 0x0000000085e00000, 0x0000000085f00000|  0%| F|  |TAMS 0x0000000085e00000| PB 0x0000000085e00000| Untracked 
|  65|0x0000000085f00000, 0x0000000085f00000, 0x0000000086000000|  0%| F|  |TAMS 0x0000000085f00000| PB 0x0000000085f00000| Untracked 
|  66|0x0000000086000000, 0x0000000086000000, 0x0000000086100000|  0%| F|  |TAMS 0x0000000086000000| PB 0x0000000086000000| Untracked 
|  67|0x0000000086100000, 0x0000000086100000, 0x0000000086200000|  0%| F|  |TAMS 0x0000000086100000| PB 0x0000000086100000| Untracked 
|  68|0x0000000086200000, 0x0000000086200000, 0x0000000086300000|  0%| F|  |TAMS 0x0000000086200000| PB 0x0000000086200000| Untracked 
|  69|0x0000000086300000, 0x0000000086300000, 0x0000000086400000|  0%| F|  |TAMS 0x0000000086300000| PB 0x0000000086300000| Untracked 
|  70|0x0000000086400000, 0x0000000086400000, 0x0000000086500000|  0%| F|  |TAMS 0x0000000086400000| PB 0x0000000086400000| Untracked 
|  71|0x0000000086500000, 0x0000000086500000, 0x0000000086600000|  0%| F|  |TAMS 0x0000000086500000| PB 0x0000000086500000| Untracked 
|  72|0x0000000086600000, 0x0000000086600000, 0x0000000086700000|  0%| F|  |TAMS 0x0000000086600000| PB 0x0000000086600000| Untracked 
|  73|0x0000000086700000, 0x0000000086700000, 0x0000000086800000|  0%| F|  |TAMS 0x0000000086700000| PB 0x0000000086700000| Untracked 
|  74|0x0000000086800000, 0x0000000086800000, 0x0000000086900000|  0%| F|  |TAMS 0x0000000086800000| PB 0x0000000086800000| Untracked 
|  75|0x0000000086900000, 0x0000000086900000, 0x0000000086a00000|  0%| F|  |TAMS 0x0000000086900000| PB 0x0000000086900000| Untracked 
|  76|0x0000000086a00000, 0x0000000086a00000, 0x0000000086b00000|  0%| F|  |TAMS 0x0000000086a00000| PB 0x0000000086a00000| Untracked 
|  77|0x0000000086b00000, 0x0000000086b00000, 0x0000000086c00000|  0%| F|  |TAMS 0x0000000086b00000| PB 0x0000000086b00000| Untracked 
|  78|0x0000000086c00000, 0x0000000086c00000, 0x0000000086d00000|  0%| F|  |TAMS 0x0000000086c00000| PB 0x0000000086c00000| Untracked 
|  79|0x0000000086d00000, 0x0000000086d00000, 0x0000000086e00000|  0%| F|  |TAMS 0x0000000086d00000| PB 0x0000000086d00000| Untracked 
|  80|0x0000000086e00000, 0x0000000086e00000, 0x0000000086f00000|  0%| F|  |TAMS 0x0000000086e00000| PB 0x0000000086e00000| Untracked 
|  81|0x0000000086f00000, 0x0000000086f00000, 0x0000000087000000|  0%| F|  |TAMS 0x0000000086f00000| PB 0x0000000086f00000| Untracked 
|  82|0x0000000087000000, 0x0000000087000000, 0x0000000087100000|  0%| F|  |TAMS 0x0000000087000000| PB 0x0000000087000000| Untracked 
|  83|0x0000000087100000, 0x0000000087100000, 0x0000000087200000|  0%| F|  |TAMS 0x0000000087100000| PB 0x0000000087100000| Untracked 
|  84|0x0000000087200000, 0x0000000087200000, 0x0000000087300000|  0%| F|  |TAMS 0x0000000087200000| PB 0x0000000087200000| Untracked 
|  85|0x0000000087300000, 0x0000000087300000, 0x0000000087400000|  0%| F|  |TAMS 0x0000000087300000| PB 0x0000000087300000| Untracked 
|  86|0x0000000087400000, 0x0000000087400000, 0x0000000087500000|  0%| F|  |TAMS 0x0000000087400000| PB 0x0000000087400000| Untracked 
|  87|0x0000000087500000, 0x0000000087500000, 0x0000000087600000|  0%| F|  |TAMS 0x0000000087500000| PB 0x0000000087500000| Untracked 
|  88|0x0000000087600000, 0x0000000087600000, 0x0000000087700000|  0%| F|  |TAMS 0x0000000087600000| PB 0x0000000087600000| Untracked 
|  89|0x0000000087700000, 0x0000000087700000, 0x0000000087800000|  0%| F|  |TAMS 0x0000000087700000| PB 0x0000000087700000| Untracked 
|  90|0x0000000087800000, 0x0000000087800000, 0x0000000087900000|  0%| F|  |TAMS 0x0000000087800000| PB 0x0000000087800000| Untracked 
|  91|0x0000000087900000, 0x0000000087900000, 0x0000000087a00000|  0%| F|  |TAMS 0x0000000087900000| PB 0x0000000087900000| Untracked 
|  92|0x0000000087a00000, 0x0000000087a00000, 0x0000000087b00000|  0%| F|  |TAMS 0x0000000087a00000| PB 0x0000000087a00000| Untracked 
|  93|0x0000000087b00000, 0x0000000087b00000, 0x0000000087c00000|  0%| F|  |TAMS 0x0000000087b00000| PB 0x0000000087b00000| Untracked 
|  94|0x0000000087c00000, 0x0000000087c00000, 0x0000000087d00000|  0%| F|  |TAMS 0x0000000087c00000| PB 0x0000000087c00000| Untracked 
|  95|0x0000000087d00000, 0x0000000087d00000, 0x0000000087e00000|  0%| F|  |TAMS 0x0000000087d00000| PB 0x0000000087d00000| Untracked 
|  96|0x0000000087e00000, 0x0000000087e00000, 0x0000000087f00000|  0%| F|  |TAMS 0x0000000087e00000| PB 0x0000000087e00000| Untracked 
|  97|0x0000000087f00000, 0x0000000087f00000, 0x0000000088000000|  0%| F|  |TAMS 0x0000000087f00000| PB 0x0000000087f00000| Untracked 
|  98|0x0000000088000000, 0x0000000088000000, 0x0000000088100000|  0%| F|  |TAMS 0x0000000088000000| PB 0x0000000088000000| Untracked 
|  99|0x0000000088100000, 0x0000000088100000, 0x0000000088200000|  0%| F|  |TAMS 0x0000000088100000| PB 0x0000000088100000| Untracked 
| 100|0x0000000088200000, 0x0000000088200000, 0x0000000088300000|  0%| F|  |TAMS 0x0000000088200000| PB 0x0000000088200000| Untracked 
| 101|0x0000000088300000, 0x0000000088300000, 0x0000000088400000|  0%| F|  |TAMS 0x0000000088300000| PB 0x0000000088300000| Untracked 
| 102|0x0000000088400000, 0x0000000088400000, 0x0000000088500000|  0%| F|  |TAMS 0x0000000088400000| PB 0x0000000088400000| Untracked 
| 103|0x0000000088500000, 0x0000000088500000, 0x0000000088600000|  0%| F|  |TAMS 0x0000000088500000| PB 0x0000000088500000| Untracked 
| 104|0x0000000088600000, 0x0000000088600000, 0x0000000088700000|  0%| F|  |TAMS 0x0000000088600000| PB 0x0000000088600000| Untracked 
| 105|0x0000000088700000, 0x0000000088700000, 0x0000000088800000|  0%| F|  |TAMS 0x0000000088700000| PB 0x0000000088700000| Untracked 
| 106|0x0000000088800000, 0x0000000088800000, 0x0000000088900000|  0%| F|  |TAMS 0x0000000088800000| PB 0x0000000088800000| Untracked 
| 107|0x0000000088900000, 0x0000000088900000, 0x0000000088a00000|  0%| F|  |TAMS 0x0000000088900000| PB 0x0000000088900000| Untracked 
| 108|0x0000000088a00000, 0x0000000088a00000, 0x0000000088b00000|  0%| F|  |TAMS 0x0000000088a00000| PB 0x0000000088a00000| Untracked 
| 109|0x0000000088b00000, 0x0000000088b00000, 0x0000000088c00000|  0%| F|  |TAMS 0x0000000088b00000| PB 0x0000000088b00000| Untracked 
| 110|0x0000000088c00000, 0x0000000088c00000, 0x0000000088d00000|  0%| F|  |TAMS 0x0000000088c00000| PB 0x0000000088c00000| Untracked 
| 111|0x0000000088d00000, 0x0000000088d00000, 0x0000000088e00000|  0%| F|  |TAMS 0x0000000088d00000| PB 0x0000000088d00000| Untracked 
| 112|0x0000000088e00000, 0x0000000088e00000, 0x0000000088f00000|  0%| F|  |TAMS 0x0000000088e00000| PB 0x0000000088e00000| Untracked 
| 113|0x0000000088f00000, 0x0000000088f00000, 0x0000000089000000|  0%| F|  |TAMS 0x0000000088f00000| PB 0x0000000088f00000| Untracked 
| 114|0x0000000089000000, 0x0000000089000000, 0x0000000089100000|  0%| F|  |TAMS 0x0000000089000000| PB 0x0000000089000000| Untracked 
| 115|0x0000000089100000, 0x0000000089100000, 0x0000000089200000|  0%| F|  |TAMS 0x0000000089100000| PB 0x0000000089100000| Untracked 
| 116|0x0000000089200000, 0x0000000089200000, 0x0000000089300000|  0%| F|  |TAMS 0x0000000089200000| PB 0x0000000089200000| Untracked 
| 117|0x0000000089300000, 0x0000000089300000, 0x0000000089400000|  0%| F|  |TAMS 0x0000000089300000| PB 0x0000000089300000| Untracked 
| 118|0x0000000089400000, 0x0000000089400000, 0x0000000089500000|  0%| F|  |TAMS 0x0000000089400000| PB 0x0000000089400000| Untracked 
| 119|0x0000000089500000, 0x0000000089500000, 0x0000000089600000|  0%| F|  |TAMS 0x0000000089500000| PB 0x0000000089500000| Untracked 
| 120|0x0000000089600000, 0x0000000089600000, 0x0000000089700000|  0%| F|  |TAMS 0x0000000089600000| PB 0x0000000089600000| Untracked 
| 121|0x0000000089700000, 0x0000000089700000, 0x0000000089800000|  0%| F|  |TAMS 0x0000000089700000| PB 0x0000000089700000| Untracked 
| 122|0x0000000089800000, 0x0000000089800000, 0x0000000089900000|  0%| F|  |TAMS 0x0000000089800000| PB 0x0000000089800000| Untracked 
| 123|0x0000000089900000, 0x0000000089900000, 0x0000000089a00000|  0%| F|  |TAMS 0x0000000089900000| PB 0x0000000089900000| Untracked 
| 124|0x0000000089a00000, 0x0000000089a00000, 0x0000000089b00000|  0%| F|  |TAMS 0x0000000089a00000| PB 0x0000000089a00000| Untracked 
| 125|0x0000000089b00000, 0x0000000089b85a10, 0x0000000089c00000| 52%| E|  |TAMS 0x0000000089b00000| PB 0x0000000089b00000| Complete 
| 126|0x0000000089c00000, 0x0000000089d00000, 0x0000000089d00000|100%| E|CS|TAMS 0x0000000089c00000| PB 0x0000000089c00000| Complete 
| 127|0x0000000089d00000, 0x0000000089e00000, 0x0000000089e00000|100%| E|CS|TAMS 0x0000000089d00000| PB 0x0000000089d00000| Complete 

Card table byte_map: [0x00000287c5240000,0x00000287c5640000] _byte_map_base: 0x00000287c4e31000

Marking Bits: (CMBitMap*) 0x00000287ada30390
 Bits: [0x00000287c5640000, 0x00000287c75c8000)

Polling page: 0x00000287ad1b0000

Metaspace:

Usage:
  Non-class:    380.58 KB used.
      Class:     27.00 KB used.
       Both:    407.58 KB used.

Virtual space:
  Non-class space:       64.00 MB reserved,     448.00 KB ( <1%) committed,  1 nodes.
      Class space:        1.00 GB reserved,     128.00 KB ( <1%) committed,  1 nodes.
             Both:        1.06 GB reserved,     576.00 KB ( <1%) committed. 

Chunk freelists:
   Non-Class:  11.99 MB
       Class:  15.75 MB
        Both:  27.74 MB

MaxMetaspaceSize: unlimited
CompressedClassSpaceSize: 1.00 GB
Initial GC threshold: 21.00 MB
Current GC threshold: 21.00 MB
CDS: on
 - commit_granule_bytes: 65536.
 - commit_granule_words: 8192.
 - virtual_space_node_default_size: 8388608.
 - enlarge_chunks_in_place: 1.
 - use_allocation_guard: 0.


Internal statistics:

num_allocs_failed_limit: 0.
num_arena_births: 8.
num_arena_deaths: 0.
num_vsnodes_births: 2.
num_vsnodes_deaths: 0.
num_space_committed: 9.
num_space_uncommitted: 0.
num_chunks_returned_to_freelist: 0.
num_chunks_taken_from_freelist: 8.
num_chunk_merges: 0.
num_chunk_splits: 5.
num_chunks_enlarged: 2.
num_inconsistent_stats: 0.

CodeHeap 'non-profiled nmethods': size=120000Kb used=61Kb max_used=61Kb free=119938Kb
 bounds [0x00000287bd910000, 0x00000287bdb80000, 0x00000287c4e40000]
CodeHeap 'profiled nmethods': size=120000Kb used=238Kb max_used=238Kb free=119761Kb
 bounds [0x00000287b5e40000, 0x00000287b60b0000, 0x00000287bd370000]
CodeHeap 'non-nmethods': size=5760Kb used=1270Kb max_used=1271Kb free=4489Kb
 bounds [0x00000287bd370000, 0x00000287bd5e0000, 0x00000287bd910000]
 total_blobs=601 nmethods=211 adapters=295
 compilation: enabled
              stopped_count=0, restarted_count=0
 full_count=0

Compilation events (20 events):
Event: 0.119 Thread 0x00000287c9aa73e0 nmethod 195 0x00000287b5e71c90 code [0x00000287b5e71e40, 0x00000287b5e71f90]
Event: 0.119 Thread 0x00000287c9aa73e0  196       3       java.lang.AbstractStringBuilder::append (77 bytes)
Event: 0.120 Thread 0x00000287c9aa73e0 nmethod 196 0x00000287b5e72010 code [0x00000287b5e72220, 0x00000287b5e72920]
Event: 0.120 Thread 0x00000287c9aa73e0  197       3       java.lang.String::indexOf (37 bytes)
Event: 0.120 Thread 0x00000287c9aa73e0 nmethod 197 0x00000287b5e72b90 code [0x00000287b5e72da0, 0x00000287b5e73240]
Event: 0.120 Thread 0x00000287c9aa73e0  198       3       java.util.zip.ZipUtils::SH (21 bytes)
Event: 0.120 Thread 0x00000287c9aa73e0 nmethod 198 0x00000287b5e73410 code [0x00000287b5e735c0, 0x00000287b5e73708]
Event: 0.120 Thread 0x00000287c9aa73e0  199       3       java.lang.StringCoding::countPositives (33 bytes)
Event: 0.120 Thread 0x00000287c9aa73e0 nmethod 199 0x00000287b5e73810 code [0x00000287b5e739c0, 0x00000287b5e73bf8]
Event: 0.120 Thread 0x00000287c9aa73e0  203       3       java.util.zip.ZipUtils::CENEXT (9 bytes)
Event: 0.121 Thread 0x00000287c9aa73e0 nmethod 203 0x00000287b5e73d10 code [0x00000287b5e73ec0, 0x00000287b5e74070]
Event: 0.121 Thread 0x00000287c9aa73e0  202       3       java.util.zip.ZipUtils::CENCOM (9 bytes)
Event: 0.121 Thread 0x00000287c9aa73e0 nmethod 202 0x00000287b5e74190 code [0x00000287b5e74340, 0x00000287b5e744f0]
Event: 0.121 Thread 0x00000287c9aa73e0  204       3       java.util.zip.ZipUtils::LG (22 bytes)
Event: 0.121 Thread 0x00000287c9aa73e0 nmethod 204 0x00000287b5e74610 code [0x00000287b5e747c0, 0x00000287b5e74a38]
Event: 0.121 Thread 0x00000287c9aa73e0  208       3       java.util.zip.ZipUtils::CENFLG (9 bytes)
Event: 0.121 Thread 0x00000287c9aa73e0 nmethod 208 0x00000287b5e74b90 code [0x00000287b5e74d40, 0x00000287b5e74ef0]
Event: 0.121 Thread 0x00000287c9aa73e0  200       1       java.util.zip.ZipCoder$UTF8ZipCoder::isUTF8 (2 bytes)
Event: 0.121 Thread 0x00000287c9aa73e0 nmethod 200 0x00000287bd91f310 code [0x00000287bd91f4a0, 0x00000287bd91f568]
Event: 0.121 Thread 0x00000287c9aa73e0  205   !   3       java.util.zip.ZipFile$Source::checkAndAddEntry (295 bytes)

GC Heap History (0 events):
No events

Dll operation events (4 events):
Event: 0.010 Loaded shared library C:\Program Files\Java\jdk-21\bin\java.dll
Event: 0.048 Loaded shared library C:\Program Files\Java\jdk-21\bin\jsvml.dll
Event: 0.090 Loaded shared library C:\Program Files\Java\jdk-21\bin\net.dll
Event: 0.092 Loaded shared library C:\Program Files\Java\jdk-21\bin\nio.dll

Deoptimization events (0 events):
No events

Classes loaded (20 events):
Event: 0.094 Loading class sun/nio/fs/WindowsDirectoryStream$WindowsDirectoryIterator
Event: 0.095 Loading class sun/nio/fs/WindowsDirectoryStream$WindowsDirectoryIterator done
Event: 0.095 Loading class sun/nio/fs/WindowsPath$WindowsPathWithAttributes
Event: 0.095 Loading class sun/nio/fs/BasicFileAttributesHolder
Event: 0.095 Loading class sun/nio/fs/BasicFileAttributesHolder done
Event: 0.095 Loading class sun/nio/fs/WindowsPath$WindowsPathWithAttributes done
Event: 0.095 Loading class java/nio/file/attribute/FileAttribute
Event: 0.095 Loading class java/nio/file/attribute/FileAttribute done
Event: 0.095 Loading class sun/nio/fs/WindowsSecurityDescriptor
Event: 0.096 Loading class sun/nio/fs/WindowsSecurityDescriptor done
Event: 0.096 Loading class sun/nio/fs/WindowsChannelFactory
Event: 0.096 Loading class sun/nio/fs/WindowsChannelFactory done
Event: 0.096 Loading class sun/nio/fs/WindowsChannelFactory$1
Event: 0.096 Loading class sun/nio/fs/WindowsChannelFactory$1 done
Event: 0.096 Loading class sun/nio/fs/WindowsChannelFactory$Flags
Event: 0.096 Loading class sun/nio/fs/WindowsChannelFactory$Flags done
Event: 0.099 Loading class jdk/internal/module/ModuleReferenceImpl$CachedHash
Event: 0.099 Loading class jdk/internal/module/ModuleReferenceImpl$CachedHash done
Event: 0.117 Loading class jdk/internal/loader/URLClassPath$FileLoader
Event: 0.118 Loading class jdk/internal/loader/URLClassPath$FileLoader done

Classes unloaded (0 events):
No events

Classes redefined (0 events):
No events

Internal exceptions (3 events):
Event: 0.094 Thread 0x00000287ab89fae0 Exception <a 'sun/nio/fs/WindowsException'{0x0000000089c77408}> (0x0000000089c77408) 
thrown [s\open\src\hotspot\share\prims\jni.cpp, line 520]
Event: 0.096 Thread 0x00000287ab89fae0 Exception <a 'sun/nio/fs/WindowsException'{0x0000000089c79b38}> (0x0000000089c79b38) 
thrown [s\open\src\hotspot\share\prims\jni.cpp, line 520]
Event: 0.097 Thread 0x00000287ab89fae0 Exception <a 'sun/nio/fs/WindowsException'{0x0000000089c7a6d0}> (0x0000000089c7a6d0) 
thrown [s\open\src\hotspot\share\prims\jni.cpp, line 520]

ZGC Phase Switch (0 events):
No events

VM Operations (2 events):
Event: 0.098 Executing VM operation: HandshakeAllThreads (Deoptimize)
Event: 0.098 Executing VM operation: HandshakeAllThreads (Deoptimize) done

Events (11 events):
Event: 0.028 Thread 0x00000287ab89fae0 Thread added: 0x00000287ab89fae0
Event: 0.044 Thread 0x00000287c9a8b870 Thread added: 0x00000287c9a8b870
Event: 0.045 Thread 0x00000287c9a8c630 Thread added: 0x00000287c9a8c630
Event: 0.045 Thread 0x00000287c9a920d0 Thread added: 0x00000287c9a920d0
Event: 0.045 Thread 0x00000287c9a951c0 Thread added: 0x00000287c9a951c0
Event: 0.045 Thread 0x00000287c9a95c20 Thread added: 0x00000287c9a95c20
Event: 0.045 Thread 0x00000287c9a9e690 Thread added: 0x00000287c9a9e690
Event: 0.046 Thread 0x00000287c9aa4930 Thread added: 0x00000287c9aa4930
Event: 0.046 Thread 0x00000287c9aa73e0 Thread added: 0x00000287c9aa73e0
Event: 0.075 Thread 0x00000287c9cb0080 Thread added: 0x00000287c9cb0080
Event: 0.116 Thread 0x00000287c9d6fe60 Thread added: 0x00000287c9d6fe60


Dynamic libraries:
0x00007ff614780000 - 0x00007ff614790000 	C:\Program Files\Java\jdk-21\bin\java.exe
0x00007ff9e2070000 - 0x00007ff9e2268000 	C:\Windows\SYSTEM32\ntdll.dll
0x00007ff9e1300000 - 0x00007ff9e13c2000 	C:\Windows\System32\KERNEL32.DLL
0x00007ff9dfa20000 - 0x00007ff9dfd1e000 	C:\Windows\System32\KERNELBASE.dll
0x00007ff9df920000 - 0x00007ff9dfa20000 	C:\Windows\System32\ucrtbase.dll
0x00007ff9d6af0000 - 0x00007ff9d6b0b000 	C:\Program Files\Java\jdk-21\bin\VCRUNTIME140.dll
0x00007ff9db5c0000 - 0x00007ff9db5d9000 	C:\Program Files\Java\jdk-21\bin\jli.dll
0x00007ff9e14b0000 - 0x00007ff9e1561000 	C:\Windows\System32\ADVAPI32.dll
0x00007ff9e0770000 - 0x00007ff9e080e000 	C:\Windows\System32\msvcrt.dll
0x00007ff9e08e0000 - 0x00007ff9e097f000 	C:\Windows\System32\sechost.dll
0x00007ff9e1a90000 - 0x00007ff9e1bb3000 	C:\Windows\System32\RPCRT4.dll
0x00007ff9df710000 - 0x00007ff9df737000 	C:\Windows\System32\bcrypt.dll
0x00007ff9e00a0000 - 0x00007ff9e023d000 	C:\Windows\System32\USER32.dll
0x00007ff9df840000 - 0x00007ff9df862000 	C:\Windows\System32\win32u.dll
0x00007ff9cf050000 - 0x00007ff9cf2ea000 	C:\Windows\WinSxS\amd64_microsoft.windows.common-controls_6595b64144ccf1df_6.0.19041.4355_none_60b8b9eb71f62e16\COMCTL32.dll
0x00007ff9e1e50000 - 0x00007ff9e1e7b000 	C:\Windows\System32\GDI32.dll
0x00007ff9dfdc0000 - 0x00007ff9dfed7000 	C:\Windows\System32\gdi32full.dll
0x00007ff9dfd20000 - 0x00007ff9dfdbd000 	C:\Windows\System32\msvcp_win.dll
0x00007ff9d1310000 - 0x00007ff9d131a000 	C:\Windows\SYSTEM32\VERSION.dll
0x00007ff9e1e10000 - 0x00007ff9e1e3f000 	C:\Windows\System32\IMM32.DLL
0x00007ff9d7e80000 - 0x00007ff9d7e8c000 	C:\Program Files\Java\jdk-21\bin\vcruntime140_1.dll
0x00007ff9a5ee0000 - 0x00007ff9a5f6e000 	C:\Program Files\Java\jdk-21\bin\msvcp140.dll
0x00007ff9a4720000 - 0x00007ff9a5435000 	C:\Program Files\Java\jdk-21\bin\server\jvm.dll
0x00007ff9e13e0000 - 0x00007ff9e144b000 	C:\Windows\System32\WS2_32.dll
0x00007ff9df190000 - 0x00007ff9df1db000 	C:\Windows\SYSTEM32\POWRPROF.dll
0x00007ff9cf430000 - 0x00007ff9cf457000 	C:\Windows\SYSTEM32\WINMM.dll
0x00007ff9df140000 - 0x00007ff9df152000 	C:\Windows\SYSTEM32\UMPDC.dll
0x00007ff9dd770000 - 0x00007ff9dd782000 	C:\Windows\SYSTEM32\kernel.appcore.dll
0x00007ff9d6200000 - 0x00007ff9d620a000 	C:\Program Files\Java\jdk-21\bin\jimage.dll
0x00007ff9c9fc0000 - 0x00007ff9ca1a4000 	C:\Windows\SYSTEM32\DBGHELP.DLL
0x00007ff9c9100000 - 0x00007ff9c9134000 	C:\Windows\SYSTEM32\dbgcore.DLL
0x00007ff9df7b0000 - 0x00007ff9df832000 	C:\Windows\System32\bcryptPrimitives.dll
0x00007ff9ce9b0000 - 0x00007ff9ce9cf000 	C:\Program Files\Java\jdk-21\bin\java.dll
0x00007ff9e0b90000 - 0x00007ff9e12fd000 	C:\Windows\System32\SHELL32.dll
0x00007ff9dd790000 - 0x00007ff9ddf34000 	C:\Windows\SYSTEM32\windows.storage.dll
0x00007ff9e1570000 - 0x00007ff9e18c3000 	C:\Windows\System32\combase.dll
0x00007ff9df0d0000 - 0x00007ff9df0fe000 	C:\Windows\SYSTEM32\Wldp.dll
0x00007ff9e1d40000 - 0x00007ff9e1e0d000 	C:\Windows\System32\OLEAUT32.dll
0x00007ff9e0830000 - 0x00007ff9e08dd000 	C:\Windows\System32\SHCORE.dll
0x00007ff9e0240000 - 0x00007ff9e0295000 	C:\Windows\System32\shlwapi.dll
0x00007ff9df640000 - 0x00007ff9df664000 	C:\Windows\SYSTEM32\profapi.dll
0x00007ff9a6870000 - 0x00007ff9a6947000 	C:\Program Files\Java\jdk-21\bin\jsvml.dll
0x00007ff9d6100000 - 0x00007ff9d6110000 	C:\Program Files\Java\jdk-21\bin\net.dll
0x00007ff9d6cc0000 - 0x00007ff9d6dcd000 	C:\Windows\SYSTEM32\WINHTTP.dll
0x00007ff9dedd0000 - 0x00007ff9dee3a000 	C:\Windows\system32\mswsock.dll
0x00007ff9c5e50000 - 0x00007ff9c5e66000 	C:\Program Files\Java\jdk-21\bin\nio.dll
0x00007ff9c00c0000 - 0x00007ff9c00d8000 	C:\Program Files\Java\jdk-21\bin\zip.dll

dbghelp: loaded successfully - version: 4.0.5 - missing functions: none
symbol engine: initialized successfully - sym options: 0x614 - pdb path: .;C:\Program Files\Java\jdk-21\bin;C:\Windows\SYSTEM32;C:\Windows\WinSxS\amd64_microsoft.windows.common-controls_6595b64144ccf1df_6.0.19041.4355_none_60b8b9eb71f62e16;C:\Program Files\Java\jdk-21\bin\server

VM Arguments:
jvm_args: -Dfile.encoding=UTF-8 --module-path=C:\Users\user\OneDrive\Documents\NetBeansProjects\Employee Management System\build\classes 
java_command: employee.management.system.AddEmployee
java_class_path (initial): C:\mysql-connector-j-8.2.0;C:\mysql-connector-j-8.2.0\mysql-connector-j-8.2.0.jar;C:\Users\user\OneDrive\Documents\NetBeansProjects\Employee Management System\build\classes
Launcher Type: SUN_STANDARD

[Global flags]
     intx CICompilerCount                          = 3                                         {product} {ergonomic}
     uint ConcGCThreads                            = 1                                         {product} {ergonomic}
     uint G1ConcRefinementThreads                  = 4                                         {product} {ergonomic}
   size_t G1HeapRegionSize                         = 1048576                                   {product} {ergonomic}
    uintx GCDrainStackTargetSize                   = 64                                        {product} {ergonomic}
   size_t InitialHeapSize                          = 134217728                                 {product} {ergonomic}
   size_t MarkStackSize                            = 4194304                                   {product} {ergonomic}
   size_t MaxHeapSize                              = 2116026368                                {product} {ergonomic}
   size_t MaxNewSize                               = 1268776960                                {product} {ergonomic}
   size_t MinHeapDeltaBytes                        = 1048576                                   {product} {ergonomic}
   size_t MinHeapSize                              = 8388608                                   {product} {ergonomic}
    uintx NonNMethodCodeHeapSize                   = 5832780                                {pd product} {ergonomic}
    uintx NonProfiledCodeHeapSize                  = 122912730                              {pd product} {ergonomic}
    uintx ProfiledCodeHeapSize                     = 122912730                              {pd product} {ergonomic}
    uintx ReservedCodeCacheSize                    = 251658240                              {pd product} {ergonomic}
     bool SegmentedCodeCache                       = true                                      {product} {ergonomic}
   size_t SoftMaxHeapSize                          = 2116026368                             {manageable} {ergonomic}
     bool UseCompressedOops                        = true                           {product lp64_product} {ergonomic}
     bool UseG1GC                                  = true                                      {product} {ergonomic}
     bool UseLargePagesIndividualAllocation        = false                                  {pd product} {ergonomic}

Logging:
Log output configuration:
 #0: stdout all=warning uptime,level,tags foldmultilines=false
 #1: stderr all=off uptime,level,tags foldmultilines=false

Environment Variables:
PATH=C:\Program Files\Common Files\Oracle\Java\javapath;C:\Windows\system32;C:\Windows;C:\Windows\System32\Wbem;C:\Windows\System32\WindowsPowerShell\v1.0\;C:\Windows\System32\OpenSSH\;C:\Program Files\Java\jdk-21\bin;C:\Program Files\nodejs\;C:\Users\user\AppData\Local\Programs\Python\Python312\Scripts\;C:\Users\user\AppData\Local\Programs\Python\Python312\;C:\Program Files\Java\jdk-21\bin;C:\Users\user\AppData\Local\Programs\Microsoft VS Code\bin;C:\Users\user\AppData\Roaming\npm
USERNAME=user
OS=Windows_NT
PROCESSOR_IDENTIFIER=Intel64 Family 6 Model 61 Stepping 4, GenuineIntel
TMP=C:\Users\user\AppData\Local\Temp
TEMP=C:\Users\user\AppData\Local\Temp




Periodic native trim disabled

---------------  S Y S T E M  ---------------

OS:
 Windows 10 , 64 bit Build 19041 (10.0.19041.5072)
OS uptime: 2 days 20:57 hours

CPU: total 4 (initial active 4) (2 cores per cpu, 2 threads per core) family 6 model 61 stepping 4 microcode 0x2d, cx8, cmov, fxsr, ht, mmx, 3dnowpref, sse, sse2, sse3, ssse3, sse4.1, sse4.2, popcnt, lzcnt, tsc, tscinvbit, avx, avx2, aes, erms, clmul, bmi1, bmi2, rtm, adx, fma, vzeroupper, clflush, rdtscp, f16c
Processor Information for all 4 processors :
  Max Mhz: 2301, Current Mhz: 2301, Mhz Limit: 2301

Memory: 4k page, system-wide physical 8067M (1261M free)
TotalPageFile size 13706M (AvailPageFile size 5M)
current process WorkingSet (physical memory assigned to process): 37M, peak: 37M
current process commit charge ("private bytes"): 201M, peak: 201M

vm_info: Java HotSpot(TM) 64-Bit Server VM (21.0.1+12-LTS-29) for windows-amd64 JRE (21.0.1+12-LTS-29), built on 2023-10-05T13:27:09Z by "mach5one" with MS VC++ 17.1 (VS2022)

END.
