#
# There is insufficient memory for the Java Runtime Environment to continue.
# Native memory allocation (mmap) failed to map 134217728 bytes for G1 virtual space
# Possible reasons:
#   The system is out of physical RAM or swap space
#   The process is running with CompressedOops enabled, and the Java Heap may be blocking the growth of the native heap
# Possible solutions:
#   Reduce memory load on the system
#   Increase physical memory or swap space
#   Check if swap backing store is full
#   Decrease Java heap size (-Xmx/-Xms)
#   Decrease number of Java threads
#   Decrease Java thread stack sizes (-Xss)
#   Set larger code cache with -XX:ReservedCodeCacheSize=
#   JVM is running with Unscaled Compressed Oops mode in which the Java heap is
#     placed in the first 4GB address space. The Java Heap base address is the
#     maximum limit for the native heap growth. Please use -XX:HeapBaseMinAddress
#     to set the Java Heap base and to place the Java Heap above 4GB virtual address.
# This output file may be truncated or incomplete.
#
#  Out of Memory Error (os_windows.cpp:3600), pid=9628, tid=17220
#
# JRE version:  (21.0.1+12) (build )
# Java VM: Java HotSpot(TM) 64-Bit Server VM (21.0.1+12-LTS-29, mixed mode, sharing, tiered, compressed oops, compressed class ptrs, g1 gc, windows-amd64)
# No core dump will be written. Minidumps are not enabled by default on client versions of Windows
#

---------------  S U M M A R Y ------------

Command Line: -Dfile.encoding=UTF-8 --module-path=C:\Users\user\OneDrive\Documents\NetBeansProjects\Employee Management System\build\classes employee.management.system.RemoveEmployee

Host: Intel(R) Core(TM) i5-5300U CPU @ 2.30GHz, 4 cores, 7G,  Windows 10 , 64 bit Build 19041 (10.0.19041.5072)
Time: Thu Nov 14 15:09:19 2024 India Standard Time elapsed time: 0.016176 seconds (0d 0h 0m 0s)

---------------  T H R E A D  ---------------

Current thread (0x0000023519d7dda0):  JavaThread "Unknown thread" [_thread_in_vm, id=17220, stack(0x000000e69a300000,0x000000e69a400000) (1024K)]

Stack: [0x000000e69a300000,0x000000e69a400000]
Native frames: (J=compiled Java code, j=interpreted, Vv=VM code, C=native code)
V  [jvm.dll+0x6c9029]
V  [jvm.dll+0x854b81]
V  [jvm.dll+0x856e5e]
V  [jvm.dll+0x857543]
V  [jvm.dll+0x280c06]
V  [jvm.dll+0x6c5715]
V  [jvm.dll+0x6ba10a]
V  [jvm.dll+0x3557ea]
V  [jvm.dll+0x35d436]
V  [jvm.dll+0x3ae1be]
V  [jvm.dll+0x3ae468]
V  [jvm.dll+0x3291fc]
V  [jvm.dll+0x329d8b]
V  [jvm.dll+0x81d179]
V  [jvm.dll+0x3bb4f1]
V  [jvm.dll+0x805ae8]
V  [jvm.dll+0x44effe]
V  [jvm.dll+0x450901]
C  [jli.dll+0x52a3]
C  [ucrtbase.dll+0x21bb2]
C  [KERNEL32.DLL+0x17374]
C  [ntdll.dll+0x4cc91]


---------------  P R O C E S S  ---------------

Threads class SMR info:
_java_thread_list=0x00007ff990759b88, length=0, elements={
}

Java Threads: ( => current thread )
Total: 0

Other Threads:
  0x000002351bf9d5f0 WorkerThread "GC Thread#0"                     [id=11756, stack(0x000000e69a400000,0x000000e69a500000) (1024K)]
  0x000002351bfaf9f0 ConcurrentGCThread "G1 Main Marker"            [id=12348, stack(0x000000e69a500000,0x000000e69a600000) (1024K)]
  0x000002351bfb0aa0 WorkerThread "G1 Conc#0"                       [id=800, stack(0x000000e69a600000,0x000000e69a700000) (1024K)]

[error occurred during error reporting (printing all threads), id 0xc0000005, EXCEPTION_ACCESS_VIOLATION (0xc0000005) at pc=0x00007ff98fecc2c7]
VM state: not at safepoint (not fully initialized)

VM Mutex/Monitor currently owned by a thread:  ([mutex/lock_event])
[0x00007ff9907ca6f8] Heap_lock - owner thread: 0x0000023519d7dda0

Heap address: 0x0000000081e00000, size: 2018 MB, Compressed Oops mode: 32-bit

CDS archive(s) mapped at: [0x0000000000000000-0x0000000000000000-0x0000000000000000), size 0, SharedBaseAddress: 0x0000000800000000, ArchiveRelocationMode: 1.
Narrow klass base: 0x0000000000000000, Narrow klass shift: 0, Narrow klass range: 0x0

GC Precious Log:
 CardTable entry size: 512
 Card Set container configuration: InlinePtr #cards 5 size 8 Array Of Cards #cards 12 size 40 Howl #buckets 4 coarsen threshold 1843 Howl Bitmap #cards 512 size 80 coarsen threshold 460 Card regions per heap region 1 cards per card region 2048

Heap:
 garbage-first heap   total 0K, used 0K [0x0000000081e00000, 0x0000000100000000)
  region size 1024K, 0 young (0K), 0 survivors (0K)

[error occurred during error reporting (printing heap information), id 0xc0000005, EXCEPTION_ACCESS_VIOLATION (0xc0000005) at pc=0x00007ff9902b1be9]
GC Heap History (0 events):
No events

Dll operation events (1 events):
Event: 0.010 Loaded shared library C:\Program Files\Java\jdk-21\bin\java.dll

Deoptimization events (0 events):
No events

Classes loaded (0 events):
No events

Classes unloaded (0 events):
No events

Classes redefined (0 events):
No events

Internal exceptions (0 events):
No events

ZGC Phase Switch (0 events):
No events

VM Operations (0 events):
No events

Events (0 events):
No events


Dynamic libraries:
0x00007ff6d2c10000 - 0x00007ff6d2c20000 	C:\Program Files\Java\jdk-21\bin\java.exe
0x00007ff9e2070000 - 0x00007ff9e2268000 	C:\Windows\SYSTEM32\ntdll.dll
0x00007ff9e1300000 - 0x00007ff9e13c2000 	C:\Windows\System32\KERNEL32.DLL
0x00007ff9dfa20000 - 0x00007ff9dfd1e000 	C:\Windows\System32\KERNELBASE.dll
0x00007ff9df920000 - 0x00007ff9dfa20000 	C:\Windows\System32\ucrtbase.dll
0x00007ff9d74b0000 - 0x00007ff9d74cb000 	C:\Program Files\Java\jdk-21\bin\VCRUNTIME140.dll
0x00007ff9bfbd0000 - 0x00007ff9bfbe9000 	C:\Program Files\Java\jdk-21\bin\jli.dll
0x00007ff9e14b0000 - 0x00007ff9e1561000 	C:\Windows\System32\ADVAPI32.dll
0x00007ff9e0770000 - 0x00007ff9e080e000 	C:\Windows\System32\msvcrt.dll
0x00007ff9e08e0000 - 0x00007ff9e097f000 	C:\Windows\System32\sechost.dll
0x00007ff9e1a90000 - 0x00007ff9e1bb3000 	C:\Windows\System32\RPCRT4.dll
0x00007ff9df710000 - 0x00007ff9df737000 	C:\Windows\System32\bcrypt.dll
0x00007ff9e00a0000 - 0x00007ff9e023d000 	C:\Windows\System32\USER32.dll
0x00007ff9df840000 - 0x00007ff9df862000 	C:\Windows\System32\win32u.dll
0x00007ff9e1e50000 - 0x00007ff9e1e7b000 	C:\Windows\System32\GDI32.dll
0x00007ff9dfdc0000 - 0x00007ff9dfed7000 	C:\Windows\System32\gdi32full.dll
0x00007ff9dfd20000 - 0x00007ff9dfdbd000 	C:\Windows\System32\msvcp_win.dll
0x00007ff9cf050000 - 0x00007ff9cf2ea000 	C:\Windows\WinSxS\amd64_microsoft.windows.common-controls_6595b64144ccf1df_6.0.19041.4355_none_60b8b9eb71f62e16\COMCTL32.dll
0x00007ff9d1310000 - 0x00007ff9d131a000 	C:\Windows\SYSTEM32\VERSION.dll
0x00007ff9e1e10000 - 0x00007ff9e1e3f000 	C:\Windows\System32\IMM32.DLL
0x00007ff9daf90000 - 0x00007ff9daf9c000 	C:\Program Files\Java\jdk-21\bin\vcruntime140_1.dll
0x00007ff9a5800000 - 0x00007ff9a588e000 	C:\Program Files\Java\jdk-21\bin\msvcp140.dll
0x00007ff98fb90000 - 0x00007ff9908a5000 	C:\Program Files\Java\jdk-21\bin\server\jvm.dll
0x00007ff9e13e0000 - 0x00007ff9e144b000 	C:\Windows\System32\WS2_32.dll
0x00007ff9df190000 - 0x00007ff9df1db000 	C:\Windows\SYSTEM32\POWRPROF.dll
0x00007ff9cf430000 - 0x00007ff9cf457000 	C:\Windows\SYSTEM32\WINMM.dll
0x00007ff9df140000 - 0x00007ff9df152000 	C:\Windows\SYSTEM32\UMPDC.dll
0x00007ff9dd770000 - 0x00007ff9dd782000 	C:\Windows\SYSTEM32\kernel.appcore.dll
0x00007ff9da790000 - 0x00007ff9da79a000 	C:\Program Files\Java\jdk-21\bin\jimage.dll
0x00007ff9c9fc0000 - 0x00007ff9ca1a4000 	C:\Windows\SYSTEM32\DBGHELP.DLL
0x00007ff9c9100000 - 0x00007ff9c9134000 	C:\Windows\SYSTEM32\dbgcore.DLL
0x00007ff9df7b0000 - 0x00007ff9df832000 	C:\Windows\System32\bcryptPrimitives.dll
0x00007ff9d55f0000 - 0x00007ff9d560f000 	C:\Program Files\Java\jdk-21\bin\java.dll

dbghelp: loaded successfully - version: 4.0.5 - missing functions: none
symbol engine: initialized successfully - sym options: 0x614 - pdb path: .;C:\Program Files\Java\jdk-21\bin;C:\Windows\SYSTEM32;C:\Windows\WinSxS\amd64_microsoft.windows.common-controls_6595b64144ccf1df_6.0.19041.4355_none_60b8b9eb71f62e16;C:\Program Files\Java\jdk-21\bin\server

VM Arguments:
jvm_args: -Dfile.encoding=UTF-8 --module-path=C:\Users\user\OneDrive\Documents\NetBeansProjects\Employee Management System\build\classes 
java_command: employee.management.system.RemoveEmployee
java_class_path (initial): C:\mysql-connector-j-8.2.0;C:\mysql-connector-j-8.2.0\mysql-connector-j-8.2.0.jar;C:\Users\user\Downloads\jcalendar_1.0.0.jar;C:\Users\user\Downloads\jcalendar-tz-1.3.3-4.jar.zip;D:\jcalendar-tz-1.3.3-4.jar;C:\Users\user\Downloads\rs2xml.jar;C:\Users\user\OneDrive\Documents\NetBeansProjects\Employee Management System\build\classes
Launcher Type: SUN_STANDARD

[Global flags]
     intx CICompilerCount                          = 3                                         {product} {ergonomic}
     uint ConcGCThreads                            = 1                                         {product} {ergonomic}
     uint G1ConcRefinementThreads                  = 4                                         {product} {ergonomic}
   size_t G1HeapRegionSize                         = 1048576                                   {product} {ergonomic}
    uintx GCDrainStackTargetSize                   = 64                                        {product} {ergonomic}
   size_t InitialHeapSize                          = 134217728                                 {product} {ergonomic}
   size_t MarkStackSize                            = 4194304                                   {product} {ergonomic}
   size_t MaxHeapSize                              = 2116026368                                {product} {ergonomic}
   size_t MinHeapDeltaBytes                        = 1048576                                   {product} {ergonomic}
   size_t MinHeapSize                              = 8388608                                   {product} {ergonomic}
    uintx NonNMethodCodeHeapSize                   = 5832780                                {pd product} {ergonomic}
    uintx NonProfiledCodeHeapSize                  = 122912730                              {pd product} {ergonomic}
    uintx ProfiledCodeHeapSize                     = 122912730                              {pd product} {ergonomic}
    uintx ReservedCodeCacheSize                    = 251658240                              {pd product} {ergonomic}
     bool SegmentedCodeCache                       = true                                      {product} {ergonomic}
   size_t SoftMaxHeapSize                          = 2116026368                             {manageable} {ergonomic}
     bool UseCompressedOops                        = true                           {product lp64_product} {ergonomic}
     bool UseG1GC                                  = true                                      {product} {ergonomic}
     bool UseLargePagesIndividualAllocation        = false                                  {pd product} {ergonomic}

Logging:
Log output configuration:
 #0: stdout all=warning uptime,level,tags foldmultilines=false
 #1: stderr all=off uptime,level,tags foldmultilines=false

Environment Variables:
PATH=C:\Program Files\Common Files\Oracle\Java\javapath;C:\Windows\system32;C:\Windows;C:\Windows\System32\Wbem;C:\Windows\System32\WindowsPowerShell\v1.0\;C:\Windows\System32\OpenSSH\;C:\Program Files\Java\jdk-21\bin;C:\Program Files\nodejs\;C:\Users\user\AppData\Local\Programs\Python\Python312\Scripts\;C:\Users\user\AppData\Local\Programs\Python\Python312\;C:\Program Files\Java\jdk-21\bin;C:\Users\user\AppData\Local\Programs\Microsoft VS Code\bin;C:\Users\user\AppData\Roaming\npm
USERNAME=user
OS=Windows_NT
PROCESSOR_IDENTIFIER=Intel64 Family 6 Model 61 Stepping 4, GenuineIntel
TMP=C:\Users\user\AppData\Local\Temp
TEMP=C:\Users\user\AppData\Local\Temp




Periodic native trim disabled

---------------  S Y S T E M  ---------------

OS:
 Windows 10 , 64 bit Build 19041 (10.0.19041.5072)
OS uptime: 4 days 19:51 hours

CPU: total 4 (initial active 4) (2 cores per cpu, 2 threads per core) family 6 model 61 stepping 4 microcode 0x2d, cx8, cmov, fxsr, ht, mmx, 3dnowpref, sse, sse2, sse3, ssse3, sse4.1, sse4.2, popcnt, lzcnt, tsc, tscinvbit, avx, avx2, aes, erms, clmul, bmi1, bmi2, rtm, adx, fma, vzeroupper, clflush, rdtscp, f16c
Processor Information for all 4 processors :
  Max Mhz: 2301, Current Mhz: 2300, Mhz Limit: 2277

Memory: 4k page, system-wide physical 8067M (1422M free)
TotalPageFile size 13841M (AvailPageFile size 43M)
current process WorkingSet (physical memory assigned to process): 10M, peak: 10M
current process commit charge ("private bytes"): 51M, peak: 179M

vm_info: Java HotSpot(TM) 64-Bit Server VM (21.0.1+12-LTS-29) for windows-amd64 JRE (21.0.1+12-LTS-29), built on 2023-10-05T13:27:09Z by "mach5one" with MS VC++ 17.1 (VS2022)

END.
